<?xml version="1.0" encoding="UTF-8"?>
<coverage generated="1778954278244" clover="3.2.0">
  <project timestamp="1778954278244" name="All files">
    <metrics statements="665" coveredstatements="551" conditionals="286" coveredconditionals="189" methods="101" coveredmethods="93" elements="1052" coveredelements="833" complexity="0" loc="665" ncloc="665" packages="2" files="2" classes="2"/>
    <package name="backend">
      <metrics statements="648" coveredstatements="534" conditionals="276" coveredconditionals="179" methods="99" coveredmethods="91"/>
      <file name="server.js" path="C:\Users\User\stokvel-management\backend\server.js">
        <metrics statements="648" coveredstatements="534" conditionals="276" coveredconditionals="179" methods="99" coveredmethods="91"/>
        <line num="1" count="1" type="stmt"/>
        <line num="2" count="1" type="stmt"/>
        <line num="4" count="1" type="stmt"/>
        <line num="9" count="1" type="stmt"/>
        <line num="10" count="1" type="stmt"/>
        <line num="11" count="1" type="stmt"/>
        <line num="12" count="1" type="stmt"/>
        <line num="13" count="1" type="stmt"/>
        <line num="15" count="1" type="stmt"/>
        <line num="23" count="1" type="stmt"/>
        <line num="24" count="1" type="stmt"/>
        <line num="25" count="1" type="stmt"/>
        <line num="28" count="0" type="stmt"/>
        <line num="31" count="1" type="stmt"/>
        <line num="32" count="1" type="stmt"/>
        <line num="40" count="1" type="stmt"/>
        <line num="41" count="1" type="stmt"/>
        <line num="54" count="1" type="stmt"/>
        <line num="56" count="1" type="stmt"/>
        <line num="57" count="1" type="stmt"/>
        <line num="60" count="1" type="stmt"/>
        <line num="61" count="2" type="stmt"/>
        <line num="62" count="2" type="stmt"/>
        <line num="63" count="1" type="stmt"/>
        <line num="65" count="1" type="stmt"/>
        <line num="69" count="1" type="stmt"/>
        <line num="70" count="2" type="stmt"/>
        <line num="71" count="2" type="stmt"/>
        <line num="72" count="1" type="stmt"/>
        <line num="74" count="1" type="stmt"/>
        <line num="79" count="0" type="stmt"/>
        <line num="80" count="0" type="cond" truecount="0" falsecount="2"/>
        <line num="81" count="0" type="stmt"/>
        <line num="82" count="0" type="cond" truecount="0" falsecount="2"/>
        <line num="83" count="0" type="stmt"/>
        <line num="85" count="0" type="stmt"/>
        <line num="91" count="1" type="cond" truecount="1" falsecount="1"/>
        <line num="93" count="1" type="stmt"/>
        <line num="101" count="1" type="cond" truecount="3" falsecount="1"/>
        <line num="102" count="1" type="stmt"/>
        <line num="106" count="0" type="stmt"/>
        <line num="114" count="0" type="cond" truecount="0" falsecount="2"/>
        <line num="115" count="0" type="stmt"/>
        <line num="118" count="0" type="stmt"/>
        <line num="122" count="2" type="stmt"/>
        <line num="123" count="2" type="stmt"/>
        <line num="127" count="2" type="cond" truecount="1" falsecount="1"/>
        <line num="129" count="2" type="stmt"/>
        <line num="130" count="2" type="stmt"/>
        <line num="131" count="2" type="cond" truecount="1" falsecount="1"/>
        <line num="132" count="0" type="stmt"/>
        <line num="133" count="2" type="cond" truecount="1" falsecount="1"/>
        <line num="134" count="2" type="stmt"/>
        <line num="137" count="2" type="stmt"/>
        <line num="144" count="2" type="stmt"/>
        <line num="145" count="2" type="stmt"/>
        <line num="147" count="0" type="stmt"/>
        <line num="148" count="0" type="stmt"/>
        <line num="152" count="1" type="stmt"/>
        <line num="153" count="2" type="stmt"/>
        <line num="154" count="2" type="stmt"/>
        <line num="155" count="2" type="stmt"/>
        <line num="156" count="1" type="stmt"/>
        <line num="163" count="1" type="stmt"/>
        <line num="166" count="1" type="stmt"/>
        <line num="167" count="1" type="stmt"/>
        <line num="169" count="1" type="stmt"/>
        <line num="171" count="1" type="stmt"/>
        <line num="172" count="1" type="stmt"/>
        <line num="176" count="1" type="stmt"/>
        <line num="177" count="2" type="stmt"/>
        <line num="178" count="2" type="stmt"/>
        <line num="179" count="2" type="stmt"/>
        <line num="183" count="1" type="stmt"/>
        <line num="184" count="1" type="stmt"/>
        <line num="185" count="1" type="stmt"/>
        <line num="189" count="1" type="stmt"/>
        <line num="193" count="1" type="stmt"/>
        <line num="202" count="1" type="stmt"/>
        <line num="204" count="1" type="stmt"/>
        <line num="205" count="1" type="stmt"/>
        <line num="209" count="1" type="stmt"/>
        <line num="210" count="4" type="stmt"/>
        <line num="211" count="4" type="cond" truecount="4" falsecount="0"/>
        <line num="212" count="1" type="stmt"/>
        <line num="214" count="3" type="stmt"/>
        <line num="215" count="3" type="stmt"/>
        <line num="216" count="3" type="cond" truecount="2" falsecount="0"/>
        <line num="218" count="2" type="stmt"/>
        <line num="221" count="2" type="cond" truecount="2" falsecount="0"/>
        <line num="223" count="1" type="stmt"/>
        <line num="226" count="1" type="stmt"/>
        <line num="228" count="1" type="stmt"/>
        <line num="229" count="1" type="stmt"/>
        <line num="234" count="0" type="stmt"/>
        <line num="235" count="0" type="stmt"/>
        <line num="239" count="1" type="stmt"/>
        <line num="240" count="1" type="stmt"/>
        <line num="241" count="1" type="cond" truecount="6" falsecount="1"/>
        <line num="242" count="0" type="stmt"/>
        <line num="244" count="1" type="stmt"/>
        <line num="245" count="1" type="stmt"/>
        <line num="246" count="1" type="cond" truecount="1" falsecount="1"/>
        <line num="247" count="1" type="cond" truecount="1" falsecount="1"/>
        <line num="248" count="0" type="stmt"/>
        <line num="250" count="1" type="stmt"/>
        <line num="254" count="1" type="cond" truecount="1" falsecount="1"/>
        <line num="255" count="1" type="stmt"/>
        <line num="256" count="1" type="cond" truecount="1" falsecount="1"/>
        <line num="257" count="1" type="stmt"/>
        <line num="258" count="1" type="stmt"/>
        <line num="267" count="0" type="stmt"/>
        <line num="272" count="1" type="stmt"/>
        <line num="274" count="0" type="stmt"/>
        <line num="275" count="0" type="stmt"/>
        <line num="279" count="1" type="stmt"/>
        <line num="280" count="1" type="stmt"/>
        <line num="281" count="1" type="stmt"/>
        <line num="282" count="1" type="stmt"/>
        <line num="286" count="1" type="stmt"/>
        <line num="288" count="0" type="stmt"/>
        <line num="289" count="0" type="stmt"/>
        <line num="293" count="1" type="stmt"/>
        <line num="294" count="3" type="stmt"/>
        <line num="295" count="3" type="stmt"/>
        <line num="296" count="3" type="stmt"/>
        <line num="297" count="3" type="cond" truecount="2" falsecount="0"/>
        <line num="299" count="2" type="stmt"/>
        <line num="304" count="2" type="stmt"/>
        <line num="306" count="2" type="cond" truecount="2" falsecount="0"/>
        <line num="307" count="1" type="stmt"/>
        <line num="308" count="1" type="stmt"/>
        <line num="310" count="1" type="stmt"/>
        <line num="311" count="1" type="stmt"/>
        <line num="314" count="2" type="stmt"/>
        <line num="315" count="2" type="stmt"/>
        <line num="316" count="2" type="stmt"/>
        <line num="318" count="2" type="stmt"/>
        <line num="319" count="2" type="stmt"/>
        <line num="320" count="2" type="stmt"/>
        <line num="321" count="2" type="cond" truecount="1" falsecount="1"/>
        <line num="322" count="0" type="stmt"/>
        <line num="323" count="0" type="stmt"/>
        <line num="325" count="2" type="stmt"/>
        <line num="326" count="2" type="cond" truecount="2" falsecount="0"/>
        <line num="327" count="1" type="stmt"/>
        <line num="328" count="2" type="stmt"/>
        <line num="330" count="2" type="cond" truecount="4" falsecount="2"/>
        <line num="331" count="2" type="stmt"/>
        <line num="334" count="2" type="stmt"/>
        <line num="338" count="2" type="stmt"/>
        <line num="339" count="2" type="stmt"/>
        <line num="340" count="2" type="stmt"/>
        <line num="341" count="2" type="stmt"/>
        <line num="345" count="0" type="stmt"/>
        <line num="346" count="0" type="stmt"/>
        <line num="350" count="1" type="stmt"/>
        <line num="351" count="2" type="stmt"/>
        <line num="352" count="2" type="stmt"/>
        <line num="353" count="2" type="stmt"/>
        <line num="358" count="1" type="stmt"/>
        <line num="360" count="1" type="stmt"/>
        <line num="361" count="1" type="stmt"/>
        <line num="365" count="1" type="stmt"/>
        <line num="366" count="1" type="stmt"/>
        <line num="367" count="1" type="cond" truecount="5" falsecount="1"/>
        <line num="368" count="0" type="stmt"/>
        <line num="370" count="1" type="stmt"/>
        <line num="371" count="1" type="stmt"/>
        <line num="372" count="1" type="stmt"/>
        <line num="373" count="1" type="cond" truecount="1" falsecount="1"/>
        <line num="374" count="1" type="cond" truecount="1" falsecount="1"/>
        <line num="375" count="0" type="stmt"/>
        <line num="378" count="1" type="stmt"/>
        <line num="380" count="1" type="cond" truecount="1" falsecount="1"/>
        <line num="381" count="0" type="stmt"/>
        <line num="382" count="1" type="stmt"/>
        <line num="384" count="1" type="stmt"/>
        <line num="385" count="1" type="cond" truecount="1" falsecount="1"/>
        <line num="387" count="1" type="stmt"/>
        <line num="388" count="1" type="cond" truecount="1" falsecount="1"/>
        <line num="390" count="1" type="stmt"/>
        <line num="391" count="1" type="cond" truecount="1" falsecount="1"/>
        <line num="392" count="1" type="stmt"/>
        <line num="393" count="1" type="cond" truecount="1" falsecount="1"/>
        <line num="394" count="1" type="stmt"/>
        <line num="395" count="1" type="stmt"/>
        <line num="399" count="0" type="stmt"/>
        <line num="401" count="1" type="stmt"/>
        <line num="403" count="0" type="stmt"/>
        <line num="404" count="0" type="stmt"/>
        <line num="408" count="1" type="stmt"/>
        <line num="409" count="1" type="stmt"/>
        <line num="410" count="1" type="stmt"/>
        <line num="411" count="1" type="stmt"/>
        <line num="412" count="1" type="cond" truecount="1" falsecount="1"/>
        <line num="414" count="1" type="stmt"/>
        <line num="416" count="1" type="cond" truecount="1" falsecount="1"/>
        <line num="417" count="0" type="stmt"/>
        <line num="418" count="1" type="stmt"/>
        <line num="420" count="1" type="stmt"/>
        <line num="421" count="1" type="stmt"/>
        <line num="423" count="1" type="stmt"/>
        <line num="430" count="0" type="stmt"/>
        <line num="431" count="0" type="stmt"/>
        <line num="435" count="1" type="stmt"/>
        <line num="436" count="1" type="stmt"/>
        <line num="437" count="1" type="stmt"/>
        <line num="438" count="1" type="stmt"/>
        <line num="439" count="1" type="stmt"/>
        <line num="440" count="1" type="cond" truecount="1" falsecount="1"/>
        <line num="441" count="1" type="cond" truecount="1" falsecount="1"/>
        <line num="442" count="1" type="stmt"/>
        <line num="446" count="1" type="stmt"/>
        <line num="448" count="0" type="stmt"/>
        <line num="449" count="0" type="stmt"/>
        <line num="453" count="1" type="stmt"/>
        <line num="454" count="1" type="stmt"/>
        <line num="456" count="1" type="cond" truecount="3" falsecount="1"/>
        <line num="457" count="0" type="stmt"/>
        <line num="463" count="1" type="stmt"/>
        <line num="464" count="1" type="stmt"/>
        <line num="467" count="1" type="stmt"/>
        <line num="470" count="1" type="cond" truecount="1" falsecount="1"/>
        <line num="471" count="0" type="stmt"/>
        <line num="477" count="1" type="stmt"/>
        <line num="481" count="1" type="cond" truecount="1" falsecount="1"/>
        <line num="482" count="0" type="stmt"/>
        <line num="488" count="1" type="stmt"/>
        <line num="498" count="1" type="cond" truecount="1" falsecount="1"/>
        <line num="499" count="0" type="stmt"/>
        <line num="505" count="1" type="cond" truecount="1" falsecount="1"/>
        <line num="506" count="0" type="stmt"/>
        <line num="512" count="1" type="cond" truecount="1" falsecount="1"/>
        <line num="513" count="0" type="stmt"/>
        <line num="518" count="1" type="stmt"/>
        <line num="524" count="1" type="cond" truecount="1" falsecount="1"/>
        <line num="525" count="0" type="stmt"/>
        <line num="530" count="1" type="stmt"/>
        <line num="541" count="1" type="stmt"/>
        <line num="550" count="1" type="stmt"/>
        <line num="563" count="0" type="stmt"/>
        <line num="565" count="0" type="stmt"/>
        <line num="574" count="1" type="stmt"/>
        <line num="575" count="1" type="stmt"/>
        <line num="576" count="1" type="stmt"/>
        <line num="577" count="1" type="stmt"/>
        <line num="581" count="1" type="stmt"/>
        <line num="583" count="0" type="stmt"/>
        <line num="584" count="0" type="stmt"/>
        <line num="588" count="1" type="stmt"/>
        <line num="589" count="0" type="stmt"/>
        <line num="590" count="0" type="stmt"/>
        <line num="591" count="0" type="cond" truecount="0" falsecount="6"/>
        <line num="592" count="0" type="stmt"/>
        <line num="594" count="0" type="stmt"/>
        <line num="595" count="0" type="stmt"/>
        <line num="596" count="0" type="cond" truecount="0" falsecount="2"/>
        <line num="597" count="0" type="stmt"/>
        <line num="598" count="0" type="cond" truecount="0" falsecount="2"/>
        <line num="599" count="0" type="stmt"/>
        <line num="600" count="0" type="cond" truecount="0" falsecount="2"/>
        <line num="601" count="0" type="stmt"/>
        <line num="602" count="0" type="cond" truecount="0" falsecount="2"/>
        <line num="603" count="0" type="stmt"/>
        <line num="604" count="0" type="stmt"/>
        <line num="608" count="0" type="stmt"/>
        <line num="610" count="0" type="stmt"/>
        <line num="611" count="0" type="stmt"/>
        <line num="615" count="1" type="stmt"/>
        <line num="616" count="0" type="stmt"/>
        <line num="617" count="0" type="stmt"/>
        <line num="618" count="0" type="stmt"/>
        <line num="619" count="0" type="cond" truecount="0" falsecount="2"/>
        <line num="620" count="0" type="stmt"/>
        <line num="622" count="0" type="stmt"/>
        <line num="623" count="0" type="stmt"/>
        <line num="624" count="0" type="cond" truecount="0" falsecount="2"/>
        <line num="625" count="0" type="cond" truecount="0" falsecount="2"/>
        <line num="626" count="0" type="cond" truecount="0" falsecount="2"/>
        <line num="627" count="0" type="stmt"/>
        <line num="629" count="0" type="stmt"/>
        <line num="630" count="0" type="stmt"/>
        <line num="634" count="1" type="stmt"/>
        <line num="635" count="1" type="stmt"/>
        <line num="636" count="1" type="stmt"/>
        <line num="637" count="1" type="stmt"/>
        <line num="638" count="1" type="stmt"/>
        <line num="644" count="1" type="stmt"/>
        <line num="646" count="0" type="stmt"/>
        <line num="647" count="0" type="stmt"/>
        <line num="651" count="1" type="stmt"/>
        <line num="652" count="0" type="stmt"/>
        <line num="653" count="0" type="stmt"/>
        <line num="654" count="0" type="stmt"/>
        <line num="655" count="0" type="stmt"/>
        <line num="658" count="0" type="cond" truecount="0" falsecount="2"/>
        <line num="659" count="0" type="stmt"/>
        <line num="661" count="0" type="stmt"/>
        <line num="666" count="0" type="stmt"/>
        <line num="668" count="0" type="stmt"/>
        <line num="669" count="0" type="stmt"/>
        <line num="673" count="1" type="stmt"/>
        <line num="674" count="3" type="stmt"/>
        <line num="675" count="3" type="stmt"/>
        <line num="676" count="3" type="stmt"/>
        <line num="677" count="3" type="stmt"/>
        <line num="680" count="3" type="cond" truecount="4" falsecount="0"/>
        <line num="681" count="1" type="stmt"/>
        <line num="683" count="2" type="stmt"/>
        <line num="687" count="2" type="cond" truecount="2" falsecount="0"/>
        <line num="688" count="1" type="stmt"/>
        <line num="692" count="1" type="stmt"/>
        <line num="696" count="1" type="stmt"/>
        <line num="697" count="1" type="stmt"/>
        <line num="698" count="4" type="stmt"/>
        <line num="699" count="2" type="stmt"/>
        <line num="700" count="2" type="stmt"/>
        <line num="701" count="2" type="stmt"/>
        <line num="702" count="2" type="cond" truecount="1" falsecount="1"/>
        <line num="703" count="2" type="stmt"/>
        <line num="704" count="2" type="stmt"/>
        <line num="705" count="2" type="cond" truecount="2" falsecount="0"/>
        <line num="706" count="1" type="cond" truecount="1" falsecount="1"/>
        <line num="707" count="2" type="stmt"/>
        <line num="709" count="1" type="stmt"/>
        <line num="710" count="2" type="stmt"/>
        <line num="711" count="1" type="stmt"/>
        <line num="712" count="1" type="cond" truecount="4" falsecount="0"/>
        <line num="714" count="0" type="stmt"/>
        <line num="715" count="0" type="stmt"/>
        <line num="719" count="1" type="stmt"/>
        <line num="720" count="3" type="stmt"/>
        <line num="721" count="3" type="stmt"/>
        <line num="722" count="3" type="stmt"/>
        <line num="725" count="3" type="cond" truecount="2" falsecount="0"/>
        <line num="726" count="2" type="stmt"/>
        <line num="730" count="2" type="cond" truecount="2" falsecount="0"/>
        <line num="731" count="1" type="stmt"/>
        <line num="736" count="1" type="stmt"/>
        <line num="737" count="1" type="stmt"/>
        <line num="738" count="1" type="stmt"/>
        <line num="739" count="1" type="stmt"/>
        <line num="740" count="1" type="cond" truecount="1" falsecount="1"/>
        <line num="741" count="1" type="stmt"/>
        <line num="745" count="1" type="stmt"/>
        <line num="749" count="1" type="stmt"/>
        <line num="750" count="1" type="stmt"/>
        <line num="751" count="1" type="stmt"/>
        <line num="752" count="1" type="stmt"/>
        <line num="753" count="1" type="stmt"/>
        <line num="754" count="3" type="stmt"/>
        <line num="755" count="3" type="stmt"/>
        <line num="756" count="3" type="cond" truecount="2" falsecount="0"/>
        <line num="757" count="3" type="stmt"/>
        <line num="758" count="3" type="cond" truecount="1" falsecount="1"/>
        <line num="759" count="3" type="stmt"/>
        <line num="760" count="3" type="stmt"/>
        <line num="762" count="1" type="stmt"/>
        <line num="763" count="1" type="stmt"/>
        <line num="764" count="1" type="stmt"/>
        <line num="766" count="0" type="stmt"/>
        <line num="767" count="0" type="stmt"/>
        <line num="777" count="1" type="stmt"/>
        <line num="778" count="2" type="stmt"/>
        <line num="779" count="2" type="stmt"/>
        <line num="781" count="2" type="cond" truecount="2" falsecount="0"/>
        <line num="782" count="1" type="stmt"/>
        <line num="785" count="1" type="stmt"/>
        <line num="786" count="1" type="stmt"/>
        <line num="789" count="1" type="cond" truecount="1" falsecount="1"/>
        <line num="791" count="1" type="stmt"/>
        <line num="795" count="1" type="cond" truecount="1" falsecount="1"/>
        <line num="796" count="1" type="cond" truecount="1" falsecount="1"/>
        <line num="798" count="1" type="stmt"/>
        <line num="802" count="1" type="stmt"/>
        <line num="804" count="0" type="stmt"/>
        <line num="805" count="0" type="stmt"/>
        <line num="810" count="1" type="stmt"/>
        <line num="811" count="2" type="stmt"/>
        <line num="812" count="2" type="stmt"/>
        <line num="814" count="2" type="cond" truecount="2" falsecount="0"/>
        <line num="815" count="1" type="stmt"/>
        <line num="818" count="1" type="stmt"/>
        <line num="819" count="1" type="stmt"/>
        <line num="822" count="1" type="cond" truecount="1" falsecount="1"/>
        <line num="824" count="1" type="stmt"/>
        <line num="828" count="1" type="cond" truecount="1" falsecount="1"/>
        <line num="830" count="1" type="stmt"/>
        <line num="838" count="1" type="stmt"/>
        <line num="840" count="0" type="stmt"/>
        <line num="841" count="0" type="stmt"/>
        <line num="846" count="1" type="stmt"/>
        <line num="847" count="4" type="stmt"/>
        <line num="848" count="4" type="stmt"/>
        <line num="849" count="4" type="stmt"/>
        <line num="851" count="4" type="stmt"/>
        <line num="852" count="4" type="stmt"/>
        <line num="855" count="4" type="cond" truecount="2" falsecount="0"/>
        <line num="857" count="3" type="stmt"/>
        <line num="861" count="3" type="cond" truecount="2" falsecount="0"/>
        <line num="862" count="2" type="cond" truecount="2" falsecount="0"/>
        <line num="864" count="1" type="stmt"/>
        <line num="868" count="1" type="stmt"/>
        <line num="870" count="0" type="stmt"/>
        <line num="871" count="0" type="stmt"/>
        <line num="876" count="1" type="stmt"/>
        <line num="877" count="4" type="stmt"/>
        <line num="878" count="4" type="stmt"/>
        <line num="880" count="4" type="stmt"/>
        <line num="881" count="4" type="stmt"/>
        <line num="885" count="4" type="cond" truecount="2" falsecount="0"/>
        <line num="887" count="3" type="stmt"/>
        <line num="891" count="3" type="cond" truecount="2" falsecount="0"/>
        <line num="893" count="2" type="stmt"/>
        <line num="901" count="1" type="stmt"/>
        <line num="903" count="1" type="stmt"/>
        <line num="904" count="1" type="stmt"/>
        <line num="912" count="1" type="stmt"/>
        <line num="913" count="4" type="stmt"/>
        <line num="914" count="4" type="stmt"/>
        <line num="915" count="4" type="stmt"/>
        <line num="918" count="4" type="cond" truecount="4" falsecount="0"/>
        <line num="919" count="1" type="stmt"/>
        <line num="922" count="3" type="stmt"/>
        <line num="926" count="2" type="cond" truecount="2" falsecount="0"/>
        <line num="928" count="1" type="stmt"/>
        <line num="932" count="1" type="stmt"/>
        <line num="936" count="1" type="stmt"/>
        <line num="940" count="1" type="stmt"/>
        <line num="941" count="3" type="stmt"/>
        <line num="942" count="1" type="stmt"/>
        <line num="944" count="1" type="stmt"/>
        <line num="945" count="2" type="stmt"/>
        <line num="946" count="1" type="stmt"/>
        <line num="948" count="3" type="stmt"/>
        <line num="949" count="3" type="stmt"/>
        <line num="950" count="3" type="stmt"/>
        <line num="952" count="1" type="stmt"/>
        <line num="963" count="2" type="stmt"/>
        <line num="964" count="2" type="stmt"/>
        <line num="968" count="1" type="stmt"/>
        <line num="969" count="1" type="stmt"/>
        <line num="975" count="1" type="stmt"/>
        <line num="976" count="4" type="stmt"/>
        <line num="977" count="4" type="stmt"/>
        <line num="978" count="4" type="stmt"/>
        <line num="981" count="4" type="cond" truecount="4" falsecount="0"/>
        <line num="982" count="1" type="stmt"/>
        <line num="985" count="3" type="stmt"/>
        <line num="989" count="2" type="cond" truecount="2" falsecount="0"/>
        <line num="991" count="1" type="stmt"/>
        <line num="997" count="1" type="stmt"/>
        <line num="998" count="1" type="stmt"/>
        <line num="999" count="3" type="stmt"/>
        <line num="1000" count="3" type="stmt"/>
        <line num="1001" count="3" type="cond" truecount="2" falsecount="0"/>
        <line num="1002" count="2" type="stmt"/>
        <line num="1004" count="3" type="stmt"/>
        <line num="1005" count="3" type="cond" truecount="2" falsecount="0"/>
        <line num="1006" count="1" type="cond" truecount="1" falsecount="1"/>
        <line num="1007" count="0" type="cond" truecount="0" falsecount="2"/>
        <line num="1008" count="0" type="stmt"/>
        <line num="1011" count="1" type="stmt"/>
        <line num="1013" count="1" type="stmt"/>
        <line num="1020" count="1" type="stmt"/>
        <line num="1021" count="1" type="stmt"/>
        <line num="1027" count="1" type="stmt"/>
        <line num="1028" count="4" type="stmt"/>
        <line num="1029" count="4" type="stmt"/>
        <line num="1030" count="4" type="stmt"/>
        <line num="1033" count="4" type="cond" truecount="4" falsecount="0"/>
        <line num="1034" count="1" type="stmt"/>
        <line num="1037" count="3" type="stmt"/>
        <line num="1041" count="2" type="cond" truecount="2" falsecount="0"/>
        <line num="1043" count="1" type="stmt"/>
        <line num="1048" count="1" type="stmt"/>
        <line num="1052" count="1" type="stmt"/>
        <line num="1053" count="8" type="stmt"/>
        <line num="1054" count="4" type="stmt"/>
        <line num="1055" count="4" type="stmt"/>
        <line num="1056" count="4" type="stmt"/>
        <line num="1057" count="2" type="cond" truecount="1" falsecount="1"/>
        <line num="1058" count="2" type="stmt"/>
        <line num="1059" count="2" type="stmt"/>
        <line num="1061" count="2" type="stmt"/>
        <line num="1062" count="2" type="cond" truecount="2" falsecount="0"/>
        <line num="1063" count="1" type="cond" truecount="1" falsecount="1"/>
        <line num="1065" count="2" type="stmt"/>
        <line num="1079" count="1" type="stmt"/>
        <line num="1081" count="1" type="stmt"/>
        <line num="1086" count="2" type="stmt"/>
        <line num="1087" count="2" type="stmt"/>
        <line num="1088" count="2" type="stmt"/>
        <line num="1092" count="1" type="stmt"/>
        <line num="1093" count="1" type="stmt"/>
        <line num="1099" count="1" type="stmt"/>
        <line num="1100" count="4" type="stmt"/>
        <line num="1101" count="4" type="stmt"/>
        <line num="1102" count="4" type="stmt"/>
        <line num="1105" count="4" type="cond" truecount="4" falsecount="0"/>
        <line num="1106" count="1" type="stmt"/>
        <line num="1109" count="3" type="stmt"/>
        <line num="1113" count="2" type="cond" truecount="2" falsecount="0"/>
        <line num="1115" count="1" type="stmt"/>
        <line num="1123" count="2" type="stmt"/>
        <line num="1124" count="2" type="stmt"/>
        <line num="1125" count="1" type="stmt"/>
        <line num="1126" count="2" type="stmt"/>
        <line num="1127" count="1" type="stmt"/>
        <line num="1129" count="1" type="stmt"/>
        <line num="1133" count="2" type="stmt"/>
        <line num="1150" count="1" type="stmt"/>
        <line num="1151" count="1" type="stmt"/>
        <line num="1156" count="1" type="stmt"/>
        <line num="1158" count="1" type="stmt"/>
        <line num="1164" count="1" type="stmt"/>
        <line num="1202" count="24" type="stmt"/>
        <line num="1203" count="24" type="stmt"/>
        <line num="1206" count="1" type="stmt"/>
        <line num="1207" count="1" type="stmt"/>
        <line num="1208" count="1" type="stmt"/>
        <line num="1209" count="1" type="stmt"/>
        <line num="1211" count="1" type="stmt"/>
        <line num="1217" count="1" type="stmt"/>
        <line num="1223" count="1" type="stmt"/>
        <line num="1224" count="1" type="stmt"/>
        <line num="1226" count="1" type="stmt"/>
        <line num="1227" count="1" type="stmt"/>
        <line num="1231" count="1" type="stmt"/>
        <line num="1232" count="1" type="stmt"/>
        <line num="1234" count="0" type="stmt"/>
        <line num="1239" count="5" type="cond" truecount="1" falsecount="1"/>
        <line num="1240" count="5" type="stmt"/>
        <line num="1241" count="5" type="stmt"/>
        <line num="1242" count="5" type="stmt"/>
        <line num="1243" count="5" type="cond" truecount="2" falsecount="0"/>
        <line num="1244" count="5" type="stmt"/>
        <line num="1249" count="7" type="cond" truecount="1" falsecount="1"/>
        <line num="1250" count="0" type="cond" truecount="0" falsecount="2"/>
        <line num="1251" count="0" type="cond" truecount="0" falsecount="2"/>
        <line num="1252" count="0" type="stmt"/>
        <line num="1257" count="1" type="stmt"/>
        <line num="1258" count="5" type="stmt"/>
        <line num="1260" count="5" type="stmt"/>
        <line num="1262" count="5" type="stmt"/>
        <line num="1265" count="5" type="cond" truecount="4" falsecount="0"/>
        <line num="1266" count="1" type="stmt"/>
        <line num="1270" count="4" type="cond" truecount="1" falsecount="1"/>
        <line num="1271" count="0" type="stmt"/>
        <line num="1274" count="4" type="stmt"/>
        <line num="1278" count="3" type="cond" truecount="2" falsecount="0"/>
        <line num="1280" count="2" type="stmt"/>
        <line num="1285" count="2" type="stmt"/>
        <line num="1290" count="2" type="stmt"/>
        <line num="1291" count="9" type="stmt"/>
        <line num="1292" count="5" type="stmt"/>
        <line num="1293" count="5" type="stmt"/>
        <line num="1294" count="5" type="stmt"/>
        <line num="1296" count="3" type="stmt"/>
        <line num="1297" count="3" type="stmt"/>
        <line num="1298" count="3" type="stmt"/>
        <line num="1299" count="3" type="stmt"/>
        <line num="1300" count="3" type="stmt"/>
        <line num="1302" count="3" type="stmt"/>
        <line num="1303" count="3" type="stmt"/>
        <line num="1305" count="3" type="stmt"/>
        <line num="1307" count="3" type="stmt"/>
        <line num="1320" count="2" type="stmt"/>
        <line num="1323" count="2" type="cond" truecount="1" falsecount="1"/>
        <line num="1324" count="3" type="stmt"/>
        <line num="1327" count="2" type="stmt"/>
        <line num="1329" count="2" type="stmt"/>
        <line num="1345" count="1" type="stmt"/>
        <line num="1346" count="1" type="stmt"/>
        <line num="1352" count="1" type="stmt"/>
        <line num="1353" count="4" type="stmt"/>
        <line num="1354" count="4" type="stmt"/>
        <line num="1356" count="4" type="stmt"/>
        <line num="1357" count="4" type="stmt"/>
        <line num="1360" count="4" type="cond" truecount="2" falsecount="0"/>
        <line num="1361" count="1" type="stmt"/>
        <line num="1364" count="3" type="cond" truecount="1" falsecount="1"/>
        <line num="1365" count="0" type="stmt"/>
        <line num="1368" count="3" type="stmt"/>
        <line num="1372" count="8" type="stmt"/>
        <line num="1373" count="8" type="stmt"/>
        <line num="1374" count="8" type="stmt"/>
        <line num="1376" count="2" type="stmt"/>
        <line num="1377" count="2" type="stmt"/>
        <line num="1378" count="2" type="stmt"/>
        <line num="1379" count="2" type="stmt"/>
        <line num="1380" count="2" type="stmt"/>
        <line num="1382" count="2" type="stmt"/>
        <line num="1383" count="2" type="stmt"/>
        <line num="1385" count="2" type="stmt"/>
        <line num="1387" count="2" type="stmt"/>
        <line num="1401" count="1" type="stmt"/>
        <line num="1402" count="1" type="stmt"/>
        <line num="1406" count="1" type="stmt"/>
        <line num="1407" count="5" type="stmt"/>
        <line num="1408" count="5" type="stmt"/>
        <line num="1409" count="5" type="stmt"/>
        <line num="1411" count="5" type="cond" truecount="4" falsecount="0"/>
        <line num="1412" count="1" type="stmt"/>
        <line num="1415" count="4" type="stmt"/>
        <line num="1416" count="4" type="stmt"/>
        <line num="1419" count="4" type="cond" truecount="2" falsecount="0"/>
        <line num="1421" count="3" type="stmt"/>
        <line num="1424" count="3" type="cond" truecount="2" falsecount="0"/>
        <line num="1426" count="2" type="stmt"/>
        <line num="1434" count="1" type="stmt"/>
        <line num="1436" count="1" type="stmt"/>
        <line num="1437" count="1" type="stmt"/>
        <line num="1441" count="1" type="stmt"/>
        <line num="1442" count="5" type="stmt"/>
        <line num="1443" count="5" type="stmt"/>
        <line num="1444" count="5" type="stmt"/>
        <line num="1446" count="5" type="cond" truecount="4" falsecount="0"/>
        <line num="1447" count="1" type="stmt"/>
        <line num="1450" count="4" type="stmt"/>
        <line num="1451" count="4" type="stmt"/>
        <line num="1454" count="4" type="cond" truecount="2" falsecount="0"/>
        <line num="1455" count="3" type="cond" truecount="2" falsecount="0"/>
        <line num="1456" count="1" type="stmt"/>
        <line num="1459" count="2" type="stmt"/>
        <line num="1463" count="1" type="stmt"/>
        <line num="1465" count="1" type="stmt"/>
        <line num="1466" count="1" type="stmt"/>
        <line num="1470" count="1" type="stmt"/>
        <line num="1471" count="4" type="stmt"/>
        <line num="1473" count="4" type="stmt"/>
        <line num="1474" count="4" type="stmt"/>
        <line num="1477" count="4" type="cond" truecount="2" falsecount="0"/>
        <line num="1479" count="3" type="stmt"/>
        <line num="1482" count="3" type="cond" truecount="2" falsecount="0"/>
        <line num="1484" count="2" type="stmt"/>
        <line num="1489" count="1" type="stmt"/>
        <line num="1491" count="1" type="stmt"/>
        <line num="1492" count="1" type="stmt"/>
        <line num="1495" count="1" type="stmt"/>
        <line num="1496" count="1" type="stmt"/>
        <line num="1499" count="1" type="cond" truecount="1" falsecount="1"/>
        <line num="1500" count="0" type="cond" truecount="0" falsecount="2"/>
        <line num="1501" count="0" type="stmt"/>
        <line num="1502" count="0" type="stmt"/>
        <line num="1503" count="0" type="stmt"/>
        <line num="1507" count="1" type="stmt"/>
      </file>
    </package>
    <package name="backend.src.middleware">
      <metrics statements="17" coveredstatements="17" conditionals="10" coveredconditionals="10" methods="2" coveredmethods="2"/>
      <file name="auth.js" path="C:\Users\User\stokvel-management\backend\src\middleware\auth.js">
        <metrics statements="17" coveredstatements="17" conditionals="10" coveredconditionals="10" methods="2" coveredmethods="2"/>
        <line num="1" count="1" type="stmt"/>
        <line num="2" count="1" type="stmt"/>
        <line num="3" count="1" type="stmt"/>
        <line num="5" count="1" type="stmt"/>
        <line num="7" count="1" type="stmt"/>
        <line num="42" count="10" type="stmt"/>
        <line num="43" count="10" type="cond" truecount="2" falsecount="0"/>
        <line num="45" count="9" type="stmt"/>
        <line num="48" count="9" type="stmt"/>
        <line num="49" count="9" type="stmt"/>
        <line num="51" count="9" type="stmt"/>
        <line num="52" count="9" type="stmt"/>
        <line num="66" count="7" type="stmt"/>
        <line num="67" count="7" type="stmt"/>
        <line num="69" count="2" type="stmt"/>
        <line num="70" count="2" type="stmt"/>
        <line num="75" count="1" type="stmt"/>
      </file>
    </package>
  </project>
</coverage>
