{"C:\\Users\\User\\stokvel-management\\backend\\server.js": {"path":"C:\\Users\\User\\stokvel-management\\backend\\server.js","statementMap":{"0":{"start":{"line":1,"column":0},"end":{"line":1,"column":82}},"1":{"start":{"line":2,"column":25},"end":{"line":2,"column":50}},"2":{"start":{"line":4,"column":15},"end":{"line":7,"column":2}},"3":{"start":{"line":9,"column":13},"end":{"line":9,"column":28}},"4":{"start":{"line":10,"column":16},"end":{"line":10,"column":34}},"5":{"start":{"line":11,"column":13},"end":{"line":11,"column":28}},"6":{"start":{"line":12,"column":15},"end":{"line":12,"column":32}},"7":{"start":{"line":13,"column":12},"end":{"line":13,"column":21}},"8":{"start":{"line":15,"column":0},"end":{"line":21,"column":4}},"9":{"start":{"line":23,"column":0},"end":{"line":23,"column":24}},"10":{"start":{"line":24,"column":0},"end":{"line":24,"column":64}},"11":{"start":{"line":25,"column":0},"end":{"line":25,"column":73}},"12":{"start":{"line":28,"column":4},"end":{"line":28,"column":50}},"13":{"start":{"line":31,"column":0},"end":{"line":38,"column":3}},"14":{"start":{"line":32,"column":4},"end":{"line":37,"column":7}},"15":{"start":{"line":40,"column":0},"end":{"line":52,"column":3}},"16":{"start":{"line":41,"column":4},"end":{"line":51,"column":5}},"17":{"start":{"line":54,"column":24},"end":{"line":54,"column":56}},"18":{"start":{"line":56,"column":0},"end":{"line":58,"column":3}},"19":{"start":{"line":57,"column":4},"end":{"line":57,"column":86}},"20":{"start":{"line":60,"column":0},"end":{"line":67,"column":3}},"21":{"start":{"line":61,"column":4},"end":{"line":66,"column":5}},"22":{"start":{"line":62,"column":22},"end":{"line":62,"column":51}},"23":{"start":{"line":63,"column":8},"end":{"line":63,"column":24}},"24":{"start":{"line":65,"column":8},"end":{"line":65,"column":55}},"25":{"start":{"line":69,"column":0},"end":{"line":76,"column":3}},"26":{"start":{"line":70,"column":4},"end":{"line":75,"column":5}},"27":{"start":{"line":71,"column":23},"end":{"line":71,"column":53}},"28":{"start":{"line":72,"column":8},"end":{"line":72,"column":25}},"29":{"start":{"line":74,"column":8},"end":{"line":74,"column":66}},"30":{"start":{"line":79,"column":20},"end":{"line":79,"column":39}},"31":{"start":{"line":80,"column":4},"end":{"line":84,"column":5}},"32":{"start":{"line":81,"column":8},"end":{"line":81,"column":47}},"33":{"start":{"line":82,"column":11},"end":{"line":84,"column":5}},"34":{"start":{"line":83,"column":8},"end":{"line":83,"column":49}},"35":{"start":{"line":85,"column":4},"end":{"line":85,"column":19}},"36":{"start":{"line":91,"column":4},"end":{"line":91,"column":41}},"37":{"start":{"line":91,"column":29},"end":{"line":91,"column":41}},"38":{"start":{"line":93,"column":23},"end":{"line":98,"column":6}},"39":{"start":{"line":101,"column":4},"end":{"line":103,"column":5}},"40":{"start":{"line":102,"column":8},"end":{"line":102,"column":20}},"41":{"start":{"line":106,"column":23},"end":{"line":111,"column":6}},"42":{"start":{"line":114,"column":4},"end":{"line":116,"column":5}},"43":{"start":{"line":115,"column":8},"end":{"line":115,"column":21}},"44":{"start":{"line":118,"column":4},"end":{"line":118,"column":16}},"45":{"start":{"line":122,"column":4},"end":{"line":149,"column":5}},"46":{"start":{"line":123,"column":22},"end":{"line":126,"column":10}},"47":{"start":{"line":127,"column":8},"end":{"line":127,"column":96}},"48":{"start":{"line":127,"column":22},"end":{"line":127,"column":81}},"49":{"start":{"line":127,"column":82},"end":{"line":127,"column":94}},"50":{"start":{"line":129,"column":20},"end":{"line":129,"column":30}},"51":{"start":{"line":130,"column":22},"end":{"line":130,"column":35}},"52":{"start":{"line":131,"column":8},"end":{"line":135,"column":9}},"53":{"start":{"line":132,"column":12},"end":{"line":132,"column":47}},"54":{"start":{"line":133,"column":15},"end":{"line":135,"column":9}},"55":{"start":{"line":134,"column":12},"end":{"line":134,"column":49}},"56":{"start":{"line":137,"column":29},"end":{"line":143,"column":10}},"57":{"start":{"line":144,"column":8},"end":{"line":144,"column":90}},"58":{"start":{"line":145,"column":8},"end":{"line":145,"column":28}},"59":{"start":{"line":147,"column":8},"end":{"line":147,"column":76}},"60":{"start":{"line":148,"column":8},"end":{"line":148,"column":20}},"61":{"start":{"line":152,"column":0},"end":{"line":174,"column":3}},"62":{"start":{"line":153,"column":118},"end":{"line":153,"column":126}},"63":{"start":{"line":154,"column":4},"end":{"line":173,"column":5}},"64":{"start":{"line":155,"column":23},"end":{"line":168,"column":10}},"65":{"start":{"line":156,"column":29},"end":{"line":162,"column":14}},"66":{"start":{"line":163,"column":30},"end":{"line":165,"column":14}},"67":{"start":{"line":166,"column":12},"end":{"line":166,"column":97}},"68":{"start":{"line":167,"column":12},"end":{"line":167,"column":43}},"69":{"start":{"line":169,"column":8},"end":{"line":169,"column":122}},"70":{"start":{"line":171,"column":8},"end":{"line":171,"column":48}},"71":{"start":{"line":172,"column":8},"end":{"line":172,"column":94}},"72":{"start":{"line":176,"column":0},"end":{"line":207,"column":3}},"73":{"start":{"line":177,"column":23},"end":{"line":177,"column":33}},"74":{"start":{"line":178,"column":4},"end":{"line":206,"column":5}},"75":{"start":{"line":179,"column":28},"end":{"line":182,"column":10}},"76":{"start":{"line":183,"column":31},"end":{"line":201,"column":11}},"77":{"start":{"line":184,"column":28},"end":{"line":184,"column":53}},"78":{"start":{"line":185,"column":33},"end":{"line":188,"column":14}},"79":{"start":{"line":189,"column":28},"end":{"line":192,"column":15}},"80":{"start":{"line":189,"column":56},"end":{"line":192,"column":13}},"81":{"start":{"line":193,"column":12},"end":{"line":200,"column":14}},"82":{"start":{"line":202,"column":8},"end":{"line":202,"column":33}},"83":{"start":{"line":204,"column":8},"end":{"line":204,"column":64}},"84":{"start":{"line":205,"column":8},"end":{"line":205,"column":99}},"85":{"start":{"line":209,"column":0},"end":{"line":237,"column":3}},"86":{"start":{"line":210,"column":31},"end":{"line":210,"column":39}},"87":{"start":{"line":211,"column":4},"end":{"line":213,"column":5}},"88":{"start":{"line":212,"column":8},"end":{"line":212,"column":106}},"89":{"start":{"line":214,"column":4},"end":{"line":236,"column":5}},"90":{"start":{"line":215,"column":21},"end":{"line":215,"column":72}},"91":{"start":{"line":216,"column":8},"end":{"line":216,"column":125}},"92":{"start":{"line":216,"column":19},"end":{"line":216,"column":125}},"93":{"start":{"line":218,"column":35},"end":{"line":220,"column":10}},"94":{"start":{"line":221,"column":8},"end":{"line":221,"column":112}},"95":{"start":{"line":221,"column":32},"end":{"line":221,"column":112}},"96":{"start":{"line":223,"column":26},"end":{"line":225,"column":10}},"97":{"start":{"line":226,"column":8},"end":{"line":226,"column":77}},"98":{"start":{"line":228,"column":22},"end":{"line":228,"column":119}},"99":{"start":{"line":229,"column":8},"end":{"line":232,"column":11}},"100":{"start":{"line":234,"column":8},"end":{"line":234,"column":62}},"101":{"start":{"line":235,"column":8},"end":{"line":235,"column":97}},"102":{"start":{"line":239,"column":0},"end":{"line":277,"column":3}},"103":{"start":{"line":240,"column":61},"end":{"line":240,"column":69}},"104":{"start":{"line":241,"column":4},"end":{"line":243,"column":5}},"105":{"start":{"line":242,"column":8},"end":{"line":242,"column":142}},"106":{"start":{"line":244,"column":4},"end":{"line":276,"column":5}},"107":{"start":{"line":245,"column":22},"end":{"line":245,"column":150}},"108":{"start":{"line":246,"column":8},"end":{"line":246,"column":78}},"109":{"start":{"line":246,"column":20},"end":{"line":246,"column":78}},"110":{"start":{"line":247,"column":8},"end":{"line":249,"column":9}},"111":{"start":{"line":248,"column":12},"end":{"line":248,"column":123}},"112":{"start":{"line":250,"column":27},"end":{"line":253,"column":10}},"113":{"start":{"line":254,"column":8},"end":{"line":271,"column":9}},"114":{"start":{"line":255,"column":26},"end":{"line":255,"column":36}},"115":{"start":{"line":256,"column":12},"end":{"line":257,"column":62}},"116":{"start":{"line":256,"column":62},"end":{"line":256,"column":101}},"117":{"start":{"line":257,"column":19},"end":{"line":257,"column":60}},"118":{"start":{"line":258,"column":12},"end":{"line":265,"column":15}},"119":{"start":{"line":267,"column":12},"end":{"line":270,"column":15}},"120":{"start":{"line":272,"column":8},"end":{"line":272,"column":94}},"121":{"start":{"line":274,"column":8},"end":{"line":274,"column":59}},"122":{"start":{"line":275,"column":8},"end":{"line":275,"column":94}},"123":{"start":{"line":279,"column":0},"end":{"line":291,"column":3}},"124":{"start":{"line":280,"column":32},"end":{"line":280,"column":42}},"125":{"start":{"line":281,"column":4},"end":{"line":290,"column":5}},"126":{"start":{"line":282,"column":30},"end":{"line":285,"column":10}},"127":{"start":{"line":286,"column":8},"end":{"line":286,"column":90}},"128":{"start":{"line":288,"column":8},"end":{"line":288,"column":62}},"129":{"start":{"line":289,"column":8},"end":{"line":289,"column":97}},"130":{"start":{"line":293,"column":0},"end":{"line":348,"column":3}},"131":{"start":{"line":294,"column":24},"end":{"line":294,"column":34}},"132":{"start":{"line":295,"column":4},"end":{"line":347,"column":5}},"133":{"start":{"line":296,"column":22},"end":{"line":296,"column":150}},"134":{"start":{"line":297,"column":8},"end":{"line":297,"column":78}},"135":{"start":{"line":297,"column":20},"end":{"line":297,"column":78}},"136":{"start":{"line":299,"column":24},"end":{"line":302,"column":10}},"137":{"start":{"line":304,"column":20},"end":{"line":304,"column":30}},"138":{"start":{"line":306,"column":8},"end":{"line":312,"column":9}},"139":{"start":{"line":307,"column":12},"end":{"line":307,"column":39}},"140":{"start":{"line":307,"column":40},"end":{"line":307,"column":89}},"141":{"start":{"line":307,"column":90},"end":{"line":307,"column":122}},"142":{"start":{"line":308,"column":12},"end":{"line":308,"column":44}},"143":{"start":{"line":308,"column":45},"end":{"line":308,"column":86}},"144":{"start":{"line":310,"column":12},"end":{"line":310,"column":72}},"145":{"start":{"line":311,"column":12},"end":{"line":311,"column":74}},"146":{"start":{"line":314,"column":30},"end":{"line":314,"column":110}},"147":{"start":{"line":315,"column":32},"end":{"line":315,"column":41}},"148":{"start":{"line":316,"column":8},"end":{"line":316,"column":89}},"149":{"start":{"line":316,"column":41},"end":{"line":316,"column":87}},"150":{"start":{"line":318,"column":34},"end":{"line":332,"column":10}},"151":{"start":{"line":319,"column":33},"end":{"line":319,"column":73}},"152":{"start":{"line":320,"column":25},"end":{"line":320,"column":35}},"153":{"start":{"line":320,"column":54},"end":{"line":320,"column":58}},"154":{"start":{"line":320,"column":70},"end":{"line":320,"column":74}},"155":{"start":{"line":320,"column":83},"end":{"line":320,"column":87}},"156":{"start":{"line":321,"column":12},"end":{"line":329,"column":13}},"157":{"start":{"line":322,"column":16},"end":{"line":322,"column":45}},"158":{"start":{"line":322,"column":46},"end":{"line":322,"column":92}},"159":{"start":{"line":323,"column":16},"end":{"line":323,"column":47}},"160":{"start":{"line":323,"column":48},"end":{"line":323,"column":73}},"161":{"start":{"line":325,"column":40},"end":{"line":325,"column":60}},"162":{"start":{"line":326,"column":16},"end":{"line":327,"column":86}},"163":{"start":{"line":326,"column":66},"end":{"line":326,"column":125}},"164":{"start":{"line":327,"column":23},"end":{"line":327,"column":84}},"165":{"start":{"line":328,"column":16},"end":{"line":328,"column":44}},"166":{"start":{"line":330,"column":12},"end":{"line":330,"column":125}},"167":{"start":{"line":330,"column":105},"end":{"line":330,"column":123}},"168":{"start":{"line":331,"column":12},"end":{"line":331,"column":242}},"169":{"start":{"line":334,"column":8},"end":{"line":343,"column":11}},"170":{"start":{"line":338,"column":52},"end":{"line":338,"column":83}},"171":{"start":{"line":339,"column":55},"end":{"line":339,"column":89}},"172":{"start":{"line":340,"column":55},"end":{"line":340,"column":90}},"173":{"start":{"line":341,"column":54},"end":{"line":341,"column":87}},"174":{"start":{"line":345,"column":8},"end":{"line":345,"column":68}},"175":{"start":{"line":346,"column":8},"end":{"line":346,"column":91}},"176":{"start":{"line":350,"column":0},"end":{"line":363,"column":3}},"177":{"start":{"line":351,"column":24},"end":{"line":351,"column":34}},"178":{"start":{"line":352,"column":4},"end":{"line":362,"column":5}},"179":{"start":{"line":353,"column":30},"end":{"line":357,"column":10}},"180":{"start":{"line":358,"column":8},"end":{"line":358,"column":32}},"181":{"start":{"line":360,"column":8},"end":{"line":360,"column":62}},"182":{"start":{"line":361,"column":8},"end":{"line":361,"column":73}},"183":{"start":{"line":365,"column":0},"end":{"line":406,"column":3}},"184":{"start":{"line":366,"column":53},"end":{"line":366,"column":61}},"185":{"start":{"line":367,"column":4},"end":{"line":369,"column":5}},"186":{"start":{"line":368,"column":8},"end":{"line":368,"column":132}},"187":{"start":{"line":370,"column":27},"end":{"line":370,"column":56}},"188":{"start":{"line":371,"column":4},"end":{"line":405,"column":5}},"189":{"start":{"line":372,"column":22},"end":{"line":372,"column":150}},"190":{"start":{"line":373,"column":8},"end":{"line":373,"column":78}},"191":{"start":{"line":373,"column":20},"end":{"line":373,"column":78}},"192":{"start":{"line":374,"column":8},"end":{"line":376,"column":9}},"193":{"start":{"line":375,"column":12},"end":{"line":375,"column":123}},"194":{"start":{"line":378,"column":20},"end":{"line":378,"column":30}},"195":{"start":{"line":380,"column":8},"end":{"line":382,"column":79}},"196":{"start":{"line":381,"column":12},"end":{"line":381,"column":39}},"197":{"start":{"line":381,"column":40},"end":{"line":381,"column":89}},"198":{"start":{"line":381,"column":90},"end":{"line":381,"column":122}},"199":{"start":{"line":382,"column":17},"end":{"line":382,"column":77}},"200":{"start":{"line":384,"column":32},"end":{"line":384,"column":186}},"201":{"start":{"line":385,"column":8},"end":{"line":385,"column":108}},"202":{"start":{"line":385,"column":29},"end":{"line":385,"column":108}},"203":{"start":{"line":387,"column":32},"end":{"line":387,"column":160}},"204":{"start":{"line":388,"column":8},"end":{"line":388,"column":121}},"205":{"start":{"line":388,"column":29},"end":{"line":388,"column":121}},"206":{"start":{"line":390,"column":27},"end":{"line":390,"column":186}},"207":{"start":{"line":391,"column":8},"end":{"line":400,"column":9}},"208":{"start":{"line":392,"column":26},"end":{"line":392,"column":39}},"209":{"start":{"line":393,"column":12},"end":{"line":394,"column":58}},"210":{"start":{"line":393,"column":62},"end":{"line":393,"column":97}},"211":{"start":{"line":394,"column":19},"end":{"line":394,"column":56}},"212":{"start":{"line":395,"column":12},"end":{"line":397,"column":15}},"213":{"start":{"line":399,"column":12},"end":{"line":399,"column":174}},"214":{"start":{"line":401,"column":8},"end":{"line":401,"column":136}},"215":{"start":{"line":403,"column":8},"end":{"line":403,"column":58}},"216":{"start":{"line":404,"column":8},"end":{"line":404,"column":94}},"217":{"start":{"line":408,"column":0},"end":{"line":433,"column":3}},"218":{"start":{"line":409,"column":32},"end":{"line":409,"column":42}},"219":{"start":{"line":410,"column":4},"end":{"line":432,"column":5}},"220":{"start":{"line":411,"column":22},"end":{"line":411,"column":150}},"221":{"start":{"line":412,"column":8},"end":{"line":412,"column":78}},"222":{"start":{"line":412,"column":20},"end":{"line":412,"column":78}},"223":{"start":{"line":414,"column":20},"end":{"line":414,"column":30}},"224":{"start":{"line":416,"column":8},"end":{"line":418,"column":79}},"225":{"start":{"line":417,"column":12},"end":{"line":417,"column":39}},"226":{"start":{"line":417,"column":40},"end":{"line":417,"column":89}},"227":{"start":{"line":417,"column":90},"end":{"line":417,"column":122}},"228":{"start":{"line":418,"column":17},"end":{"line":418,"column":77}},"229":{"start":{"line":420,"column":21},"end":{"line":420,"column":204}},"230":{"start":{"line":421,"column":24},"end":{"line":421,"column":182}},"231":{"start":{"line":423,"column":8},"end":{"line":428,"column":11}},"232":{"start":{"line":430,"column":8},"end":{"line":430,"column":63}},"233":{"start":{"line":431,"column":8},"end":{"line":431,"column":98}},"234":{"start":{"line":435,"column":0},"end":{"line":451,"column":3}},"235":{"start":{"line":436,"column":27},"end":{"line":436,"column":62}},"236":{"start":{"line":437,"column":21},"end":{"line":437,"column":29}},"237":{"start":{"line":438,"column":4},"end":{"line":450,"column":5}},"238":{"start":{"line":439,"column":29},"end":{"line":439,"column":114}},"239":{"start":{"line":440,"column":8},"end":{"line":440,"column":92}},"240":{"start":{"line":440,"column":27},"end":{"line":440,"column":92}},"241":{"start":{"line":441,"column":8},"end":{"line":441,"column":128}},"242":{"start":{"line":441,"column":44},"end":{"line":441,"column":128}},"243":{"start":{"line":442,"column":24},"end":{"line":445,"column":10}},"244":{"start":{"line":446,"column":8},"end":{"line":446,"column":26}},"245":{"start":{"line":448,"column":8},"end":{"line":448,"column":61}},"246":{"start":{"line":449,"column":8},"end":{"line":449,"column":71}},"247":{"start":{"line":453,"column":0},"end":{"line":570,"column":3}},"248":{"start":{"line":454,"column":31},"end":{"line":454,"column":39}},"249":{"start":{"line":456,"column":4},"end":{"line":461,"column":5}},"250":{"start":{"line":457,"column":8},"end":{"line":460,"column":11}},"251":{"start":{"line":463,"column":4},"end":{"line":569,"column":5}},"252":{"start":{"line":464,"column":30},"end":{"line":464,"column":47}},"253":{"start":{"line":467,"column":27},"end":{"line":467,"column":66}},"254":{"start":{"line":470,"column":8},"end":{"line":474,"column":9}},"255":{"start":{"line":471,"column":12},"end":{"line":473,"column":15}},"256":{"start":{"line":477,"column":21},"end":{"line":479,"column":10}},"257":{"start":{"line":481,"column":8},"end":{"line":485,"column":9}},"258":{"start":{"line":482,"column":12},"end":{"line":484,"column":15}},"259":{"start":{"line":488,"column":27},"end":{"line":496,"column":10}},"260":{"start":{"line":498,"column":8},"end":{"line":502,"column":9}},"261":{"start":{"line":499,"column":12},"end":{"line":501,"column":15}},"262":{"start":{"line":505,"column":8},"end":{"line":509,"column":9}},"263":{"start":{"line":506,"column":12},"end":{"line":508,"column":15}},"264":{"start":{"line":512,"column":8},"end":{"line":516,"column":9}},"265":{"start":{"line":513,"column":12},"end":{"line":515,"column":15}},"266":{"start":{"line":518,"column":31},"end":{"line":522,"column":13}},"267":{"start":{"line":524,"column":8},"end":{"line":528,"column":9}},"268":{"start":{"line":525,"column":12},"end":{"line":527,"column":15}},"269":{"start":{"line":530,"column":8},"end":{"line":538,"column":11}},"270":{"start":{"line":541,"column":34},"end":{"line":548,"column":10}},"271":{"start":{"line":550,"column":8},"end":{"line":560,"column":11}},"272":{"start":{"line":563,"column":8},"end":{"line":563,"column":59}},"273":{"start":{"line":565,"column":8},"end":{"line":568,"column":11}},"274":{"start":{"line":574,"column":0},"end":{"line":586,"column":3}},"275":{"start":{"line":575,"column":24},"end":{"line":575,"column":34}},"276":{"start":{"line":576,"column":4},"end":{"line":585,"column":5}},"277":{"start":{"line":577,"column":24},"end":{"line":580,"column":10}},"278":{"start":{"line":581,"column":8},"end":{"line":581,"column":26}},"279":{"start":{"line":583,"column":8},"end":{"line":583,"column":56}},"280":{"start":{"line":584,"column":8},"end":{"line":584,"column":91}},"281":{"start":{"line":588,"column":0},"end":{"line":613,"column":3}},"282":{"start":{"line":589,"column":80},"end":{"line":589,"column":88}},"283":{"start":{"line":590,"column":24},"end":{"line":590,"column":39}},"284":{"start":{"line":591,"column":4},"end":{"line":593,"column":5}},"285":{"start":{"line":592,"column":8},"end":{"line":592,"column":137}},"286":{"start":{"line":594,"column":4},"end":{"line":612,"column":5}},"287":{"start":{"line":595,"column":22},"end":{"line":595,"column":95}},"288":{"start":{"line":596,"column":8},"end":{"line":596,"column":78}},"289":{"start":{"line":596,"column":20},"end":{"line":596,"column":78}},"290":{"start":{"line":597,"column":36},"end":{"line":597,"column":167}},"291":{"start":{"line":598,"column":8},"end":{"line":598,"column":122}},"292":{"start":{"line":598,"column":34},"end":{"line":598,"column":122}},"293":{"start":{"line":599,"column":36},"end":{"line":599,"column":148}},"294":{"start":{"line":600,"column":8},"end":{"line":600,"column":116}},"295":{"start":{"line":600,"column":34},"end":{"line":600,"column":116}},"296":{"start":{"line":601,"column":31},"end":{"line":601,"column":181}},"297":{"start":{"line":602,"column":8},"end":{"line":602,"column":131}},"298":{"start":{"line":602,"column":28},"end":{"line":602,"column":131}},"299":{"start":{"line":603,"column":31},"end":{"line":603,"column":107}},"300":{"start":{"line":604,"column":23},"end":{"line":607,"column":10}},"301":{"start":{"line":608,"column":8},"end":{"line":608,"column":83}},"302":{"start":{"line":610,"column":8},"end":{"line":610,"column":57}},"303":{"start":{"line":611,"column":8},"end":{"line":611,"column":93}},"304":{"start":{"line":615,"column":0},"end":{"line":632,"column":3}},"305":{"start":{"line":616,"column":25},"end":{"line":616,"column":35}},"306":{"start":{"line":617,"column":23},"end":{"line":617,"column":31}},"307":{"start":{"line":618,"column":26},"end":{"line":618,"column":52}},"308":{"start":{"line":619,"column":4},"end":{"line":621,"column":5}},"309":{"start":{"line":620,"column":8},"end":{"line":620,"column":101}},"310":{"start":{"line":622,"column":4},"end":{"line":631,"column":5}},"311":{"start":{"line":623,"column":23},"end":{"line":623,"column":98}},"312":{"start":{"line":624,"column":8},"end":{"line":624,"column":80}},"313":{"start":{"line":624,"column":21},"end":{"line":624,"column":80}},"314":{"start":{"line":625,"column":8},"end":{"line":625,"column":113}},"315":{"start":{"line":625,"column":43},"end":{"line":625,"column":113}},"316":{"start":{"line":626,"column":24},"end":{"line":626,"column":170}},"317":{"start":{"line":627,"column":8},"end":{"line":627,"column":77}},"318":{"start":{"line":629,"column":8},"end":{"line":629,"column":55}},"319":{"start":{"line":630,"column":8},"end":{"line":630,"column":91}},"320":{"start":{"line":634,"column":0},"end":{"line":649,"column":3}},"321":{"start":{"line":635,"column":51},"end":{"line":635,"column":59}},"322":{"start":{"line":636,"column":24},"end":{"line":636,"column":39}},"323":{"start":{"line":637,"column":4},"end":{"line":648,"column":5}},"324":{"start":{"line":638,"column":24},"end":{"line":643,"column":10}},"325":{"start":{"line":644,"column":8},"end":{"line":644,"column":85}},"326":{"start":{"line":646,"column":8},"end":{"line":646,"column":58}},"327":{"start":{"line":647,"column":8},"end":{"line":647,"column":94}},"328":{"start":{"line":651,"column":0},"end":{"line":671,"column":3}},"329":{"start":{"line":652,"column":24},"end":{"line":652,"column":34}},"330":{"start":{"line":653,"column":19},"end":{"line":653,"column":34}},"331":{"start":{"line":654,"column":4},"end":{"line":670,"column":5}},"332":{"start":{"line":655,"column":27},"end":{"line":657,"column":10}},"333":{"start":{"line":658,"column":8},"end":{"line":660,"column":9}},"334":{"start":{"line":659,"column":12},"end":{"line":659,"column":112}},"335":{"start":{"line":661,"column":25},"end":{"line":665,"column":10}},"336":{"start":{"line":666,"column":8},"end":{"line":666,"column":27}},"337":{"start":{"line":668,"column":8},"end":{"line":668,"column":57}},"338":{"start":{"line":669,"column":8},"end":{"line":669,"column":92}},"339":{"start":{"line":673,"column":0},"end":{"line":717,"column":3}},"340":{"start":{"line":674,"column":24},"end":{"line":674,"column":34}},"341":{"start":{"line":675,"column":25},"end":{"line":675,"column":34}},"342":{"start":{"line":676,"column":4},"end":{"line":716,"column":5}},"343":{"start":{"line":677,"column":27},"end":{"line":679,"column":10}},"344":{"start":{"line":680,"column":8},"end":{"line":682,"column":9}},"345":{"start":{"line":681,"column":12},"end":{"line":681,"column":94}},"346":{"start":{"line":683,"column":22},"end":{"line":686,"column":10}},"347":{"start":{"line":687,"column":8},"end":{"line":687,"column":78}},"348":{"start":{"line":687,"column":20},"end":{"line":687,"column":78}},"349":{"start":{"line":688,"column":24},"end":{"line":691,"column":10}},"350":{"start":{"line":692,"column":28},"end":{"line":695,"column":9}},"351":{"start":{"line":696,"column":30},"end":{"line":696,"column":89}},"352":{"start":{"line":697,"column":28},"end":{"line":708,"column":10}},"353":{"start":{"line":698,"column":40},"end":{"line":698,"column":101}},"354":{"start":{"line":698,"column":66},"end":{"line":698,"column":100}},"355":{"start":{"line":699,"column":25},"end":{"line":699,"column":84}},"356":{"start":{"line":699,"column":57},"end":{"line":699,"column":76}},"357":{"start":{"line":700,"column":27},"end":{"line":700,"column":88}},"358":{"start":{"line":700,"column":59},"end":{"line":700,"column":80}},"359":{"start":{"line":701,"column":28},"end":{"line":701,"column":90}},"360":{"start":{"line":701,"column":60},"end":{"line":701,"column":82}},"361":{"start":{"line":702,"column":26},"end":{"line":702,"column":57}},"362":{"start":{"line":703,"column":35},"end":{"line":703,"column":67}},"363":{"start":{"line":704,"column":25},"end":{"line":704,"column":36}},"364":{"start":{"line":705,"column":12},"end":{"line":706,"column":62}},"365":{"start":{"line":705,"column":37},"end":{"line":705,"column":59}},"366":{"start":{"line":706,"column":17},"end":{"line":706,"column":62}},"367":{"start":{"line":706,"column":43},"end":{"line":706,"column":62}},"368":{"start":{"line":707,"column":12},"end":{"line":707,"column":171}},"369":{"start":{"line":709,"column":30},"end":{"line":709,"column":44}},"370":{"start":{"line":710,"column":26},"end":{"line":710,"column":82}},"371":{"start":{"line":710,"column":50},"end":{"line":710,"column":74}},"372":{"start":{"line":711,"column":36},"end":{"line":711,"column":81}},"373":{"start":{"line":712,"column":8},"end":{"line":712,"column":204}},"374":{"start":{"line":714,"column":8},"end":{"line":714,"column":68}},"375":{"start":{"line":715,"column":8},"end":{"line":715,"column":104}},"376":{"start":{"line":719,"column":0},"end":{"line":769,"column":3}},"377":{"start":{"line":720,"column":32},"end":{"line":720,"column":42}},"378":{"start":{"line":721,"column":4},"end":{"line":768,"column":5}},"379":{"start":{"line":722,"column":27},"end":{"line":724,"column":10}},"380":{"start":{"line":725,"column":8},"end":{"line":725,"column":102}},"381":{"start":{"line":725,"column":25},"end":{"line":725,"column":102}},"382":{"start":{"line":726,"column":22},"end":{"line":729,"column":10}},"383":{"start":{"line":730,"column":8},"end":{"line":730,"column":78}},"384":{"start":{"line":730,"column":20},"end":{"line":730,"column":78}},"385":{"start":{"line":731,"column":24},"end":{"line":735,"column":10}},"386":{"start":{"line":736,"column":29},"end":{"line":736,"column":43}},"387":{"start":{"line":737,"column":35},"end":{"line":737,"column":71}},"388":{"start":{"line":738,"column":26},"end":{"line":738,"column":59}},"389":{"start":{"line":739,"column":28},"end":{"line":739,"column":82}},"390":{"start":{"line":739,"column":51},"end":{"line":739,"column":81}},"391":{"start":{"line":740,"column":31},"end":{"line":740,"column":80}},"392":{"start":{"line":741,"column":34},"end":{"line":744,"column":10}},"393":{"start":{"line":745,"column":30},"end":{"line":748,"column":10}},"394":{"start":{"line":749,"column":28},"end":{"line":749,"column":40}},"395":{"start":{"line":750,"column":31},"end":{"line":750,"column":33}},"396":{"start":{"line":751,"column":36},"end":{"line":751,"column":37}},"397":{"start":{"line":752,"column":33},"end":{"line":752,"column":34}},"398":{"start":{"line":753,"column":8},"end":{"line":761,"column":9}},"399":{"start":{"line":753,"column":25},"end":{"line":753,"column":26}},"400":{"start":{"line":754,"column":12},"end":{"line":754,"column":56}},"401":{"start":{"line":755,"column":34},"end":{"line":755,"column":58}},"402":{"start":{"line":756,"column":12},"end":{"line":756,"column":63}},"403":{"start":{"line":756,"column":31},"end":{"line":756,"column":63}},"404":{"start":{"line":757,"column":30},"end":{"line":757,"column":55}},"405":{"start":{"line":758,"column":12},"end":{"line":759,"column":76}},"406":{"start":{"line":758,"column":62},"end":{"line":758,"column":119}},"407":{"start":{"line":759,"column":19},"end":{"line":759,"column":74}},"408":{"start":{"line":760,"column":12},"end":{"line":760,"column":231}},"409":{"start":{"line":762,"column":33},"end":{"line":762,"column":65}},"410":{"start":{"line":763,"column":24},"end":{"line":763,"column":52}},"411":{"start":{"line":764,"column":8},"end":{"line":764,"column":319}},"412":{"start":{"line":766,"column":8},"end":{"line":766,"column":69}},"413":{"start":{"line":767,"column":8},"end":{"line":767,"column":105}},"414":{"start":{"line":777,"column":0},"end":{"line":807,"column":3}},"415":{"start":{"line":778,"column":74},"end":{"line":778,"column":82}},"416":{"start":{"line":779,"column":19},"end":{"line":779,"column":34}},"417":{"start":{"line":781,"column":4},"end":{"line":783,"column":5}},"418":{"start":{"line":782,"column":8},"end":{"line":782,"column":70}},"419":{"start":{"line":785,"column":4},"end":{"line":806,"column":5}},"420":{"start":{"line":786,"column":27},"end":{"line":788,"column":10}},"421":{"start":{"line":789,"column":8},"end":{"line":789,"column":105}},"422":{"start":{"line":789,"column":25},"end":{"line":789,"column":105}},"423":{"start":{"line":791,"column":22},"end":{"line":794,"column":10}},"424":{"start":{"line":795,"column":8},"end":{"line":795,"column":78}},"425":{"start":{"line":795,"column":20},"end":{"line":795,"column":78}},"426":{"start":{"line":796,"column":8},"end":{"line":796,"column":110}},"427":{"start":{"line":796,"column":39},"end":{"line":796,"column":110}},"428":{"start":{"line":798,"column":29},"end":{"line":801,"column":10}},"429":{"start":{"line":802,"column":8},"end":{"line":802,"column":90}},"430":{"start":{"line":804,"column":8},"end":{"line":804,"column":63}},"431":{"start":{"line":805,"column":8},"end":{"line":805,"column":99}},"432":{"start":{"line":810,"column":0},"end":{"line":843,"column":3}},"433":{"start":{"line":811,"column":24},"end":{"line":811,"column":32}},"434":{"start":{"line":812,"column":19},"end":{"line":812,"column":34}},"435":{"start":{"line":814,"column":4},"end":{"line":816,"column":5}},"436":{"start":{"line":815,"column":8},"end":{"line":815,"column":70}},"437":{"start":{"line":818,"column":4},"end":{"line":842,"column":5}},"438":{"start":{"line":819,"column":27},"end":{"line":821,"column":10}},"439":{"start":{"line":822,"column":8},"end":{"line":822,"column":106}},"440":{"start":{"line":822,"column":25},"end":{"line":822,"column":106}},"441":{"start":{"line":824,"column":22},"end":{"line":827,"column":10}},"442":{"start":{"line":828,"column":8},"end":{"line":828,"column":78}},"443":{"start":{"line":828,"column":20},"end":{"line":828,"column":78}},"444":{"start":{"line":830,"column":8},"end":{"line":836,"column":11}},"445":{"start":{"line":838,"column":8},"end":{"line":838,"column":113}},"446":{"start":{"line":840,"column":8},"end":{"line":840,"column":54}},"447":{"start":{"line":841,"column":8},"end":{"line":841,"column":90}},"448":{"start":{"line":846,"column":0},"end":{"line":873,"column":3}},"449":{"start":{"line":847,"column":24},"end":{"line":847,"column":34}},"450":{"start":{"line":848,"column":65},"end":{"line":848,"column":73}},"451":{"start":{"line":849,"column":19},"end":{"line":849,"column":34}},"452":{"start":{"line":851,"column":4},"end":{"line":872,"column":5}},"453":{"start":{"line":852,"column":27},"end":{"line":854,"column":10}},"454":{"start":{"line":855,"column":8},"end":{"line":855,"column":105}},"455":{"start":{"line":855,"column":25},"end":{"line":855,"column":105}},"456":{"start":{"line":857,"column":22},"end":{"line":860,"column":10}},"457":{"start":{"line":861,"column":8},"end":{"line":861,"column":78}},"458":{"start":{"line":861,"column":20},"end":{"line":861,"column":78}},"459":{"start":{"line":862,"column":8},"end":{"line":862,"column":110}},"460":{"start":{"line":862,"column":39},"end":{"line":862,"column":110}},"461":{"start":{"line":864,"column":29},"end":{"line":867,"column":10}},"462":{"start":{"line":868,"column":8},"end":{"line":868,"column":90}},"463":{"start":{"line":870,"column":8},"end":{"line":870,"column":63}},"464":{"start":{"line":871,"column":8},"end":{"line":871,"column":99}},"465":{"start":{"line":876,"column":0},"end":{"line":906,"column":3}},"466":{"start":{"line":877,"column":24},"end":{"line":877,"column":34}},"467":{"start":{"line":878,"column":19},"end":{"line":878,"column":34}},"468":{"start":{"line":880,"column":4},"end":{"line":905,"column":5}},"469":{"start":{"line":881,"column":27},"end":{"line":883,"column":10}},"470":{"start":{"line":885,"column":8},"end":{"line":885,"column":112}},"471":{"start":{"line":885,"column":25},"end":{"line":885,"column":112}},"472":{"start":{"line":887,"column":22},"end":{"line":890,"column":10}},"473":{"start":{"line":891,"column":8},"end":{"line":891,"column":78}},"474":{"start":{"line":891,"column":20},"end":{"line":891,"column":78}},"475":{"start":{"line":893,"column":8},"end":{"line":899,"column":11}},"476":{"start":{"line":901,"column":8},"end":{"line":901,"column":113}},"477":{"start":{"line":903,"column":8},"end":{"line":903,"column":54}},"478":{"start":{"line":904,"column":8},"end":{"line":904,"column":90}},"479":{"start":{"line":912,"column":0},"end":{"line":971,"column":3}},"480":{"start":{"line":913,"column":24},"end":{"line":913,"column":34}},"481":{"start":{"line":914,"column":4},"end":{"line":970,"column":5}},"482":{"start":{"line":915,"column":27},"end":{"line":917,"column":10}},"483":{"start":{"line":918,"column":8},"end":{"line":920,"column":9}},"484":{"start":{"line":919,"column":12},"end":{"line":919,"column":85}},"485":{"start":{"line":922,"column":22},"end":{"line":925,"column":10}},"486":{"start":{"line":926,"column":8},"end":{"line":926,"column":78}},"487":{"start":{"line":926,"column":20},"end":{"line":926,"column":78}},"488":{"start":{"line":928,"column":24},"end":{"line":930,"column":10}},"489":{"start":{"line":932,"column":30},"end":{"line":934,"column":10}},"490":{"start":{"line":936,"column":24},"end":{"line":938,"column":10}},"491":{"start":{"line":940,"column":31},"end":{"line":942,"column":62}},"492":{"start":{"line":941,"column":25},"end":{"line":941,"column":44}},"493":{"start":{"line":942,"column":32},"end":{"line":942,"column":58}},"494":{"start":{"line":944,"column":30},"end":{"line":946,"column":62}},"495":{"start":{"line":945,"column":25},"end":{"line":945,"column":49}},"496":{"start":{"line":946,"column":32},"end":{"line":946,"column":58}},"497":{"start":{"line":948,"column":29},"end":{"line":948,"column":82}},"498":{"start":{"line":948,"column":55},"end":{"line":948,"column":74}},"499":{"start":{"line":949,"column":29},"end":{"line":949,"column":84}},"500":{"start":{"line":949,"column":55},"end":{"line":949,"column":76}},"501":{"start":{"line":950,"column":29},"end":{"line":950,"column":85}},"502":{"start":{"line":950,"column":55},"end":{"line":950,"column":77}},"503":{"start":{"line":952,"column":8},"end":{"line":966,"column":11}},"504":{"start":{"line":963,"column":50},"end":{"line":963,"column":74}},"505":{"start":{"line":964,"column":48},"end":{"line":964,"column":70}},"506":{"start":{"line":968,"column":8},"end":{"line":968,"column":67}},"507":{"start":{"line":969,"column":8},"end":{"line":969,"column":102}},"508":{"start":{"line":975,"column":0},"end":{"line":1023,"column":3}},"509":{"start":{"line":976,"column":24},"end":{"line":976,"column":34}},"510":{"start":{"line":977,"column":4},"end":{"line":1022,"column":5}},"511":{"start":{"line":978,"column":27},"end":{"line":980,"column":10}},"512":{"start":{"line":981,"column":8},"end":{"line":983,"column":9}},"513":{"start":{"line":982,"column":12},"end":{"line":982,"column":85}},"514":{"start":{"line":985,"column":22},"end":{"line":988,"column":10}},"515":{"start":{"line":989,"column":8},"end":{"line":989,"column":78}},"516":{"start":{"line":989,"column":20},"end":{"line":989,"column":78}},"517":{"start":{"line":991,"column":30},"end":{"line":994,"column":10}},"518":{"start":{"line":997,"column":26},"end":{"line":997,"column":28}},"519":{"start":{"line":998,"column":8},"end":{"line":1009,"column":11}},"520":{"start":{"line":999,"column":26},"end":{"line":999,"column":45}},"521":{"start":{"line":1000,"column":26},"end":{"line":1000,"column":97}},"522":{"start":{"line":1001,"column":12},"end":{"line":1003,"column":13}},"523":{"start":{"line":1002,"column":16},"end":{"line":1002,"column":103}},"524":{"start":{"line":1004,"column":12},"end":{"line":1004,"column":35}},"525":{"start":{"line":1005,"column":12},"end":{"line":1008,"column":71}},"526":{"start":{"line":1005,"column":46},"end":{"line":1005,"column":68}},"527":{"start":{"line":1006,"column":17},"end":{"line":1008,"column":71}},"528":{"start":{"line":1006,"column":46},"end":{"line":1006,"column":70}},"529":{"start":{"line":1007,"column":17},"end":{"line":1008,"column":71}},"530":{"start":{"line":1007,"column":46},"end":{"line":1007,"column":71}},"531":{"start":{"line":1008,"column":46},"end":{"line":1008,"column":71}},"532":{"start":{"line":1011,"column":23},"end":{"line":1011,"column":47}},"533":{"start":{"line":1013,"column":8},"end":{"line":1018,"column":11}},"534":{"start":{"line":1020,"column":8},"end":{"line":1020,"column":68}},"535":{"start":{"line":1021,"column":8},"end":{"line":1021,"column":103}},"536":{"start":{"line":1027,"column":0},"end":{"line":1095,"column":3}},"537":{"start":{"line":1028,"column":24},"end":{"line":1028,"column":34}},"538":{"start":{"line":1029,"column":4},"end":{"line":1094,"column":5}},"539":{"start":{"line":1030,"column":27},"end":{"line":1032,"column":10}},"540":{"start":{"line":1033,"column":8},"end":{"line":1035,"column":9}},"541":{"start":{"line":1034,"column":12},"end":{"line":1034,"column":85}},"542":{"start":{"line":1037,"column":22},"end":{"line":1040,"column":10}},"543":{"start":{"line":1041,"column":8},"end":{"line":1041,"column":78}},"544":{"start":{"line":1041,"column":20},"end":{"line":1041,"column":78}},"545":{"start":{"line":1043,"column":24},"end":{"line":1046,"column":10}},"546":{"start":{"line":1048,"column":30},"end":{"line":1050,"column":10}},"547":{"start":{"line":1052,"column":34},"end":{"line":1076,"column":10}},"548":{"start":{"line":1053,"column":35},"end":{"line":1053,"column":96}},"549":{"start":{"line":1053,"column":61},"end":{"line":1053,"column":95}},"550":{"start":{"line":1054,"column":28},"end":{"line":1054,"column":82}},"551":{"start":{"line":1054,"column":55},"end":{"line":1054,"column":74}},"552":{"start":{"line":1055,"column":28},"end":{"line":1055,"column":84}},"553":{"start":{"line":1055,"column":55},"end":{"line":1055,"column":76}},"554":{"start":{"line":1056,"column":28},"end":{"line":1056,"column":85}},"555":{"start":{"line":1056,"column":55},"end":{"line":1056,"column":77}},"556":{"start":{"line":1057,"column":28},"end":{"line":1057,"column":54}},"557":{"start":{"line":1058,"column":35},"end":{"line":1058,"column":67}},"558":{"start":{"line":1059,"column":36},"end":{"line":1059,"column":79}},"559":{"start":{"line":1061,"column":35},"end":{"line":1061,"column":46}},"560":{"start":{"line":1062,"column":12},"end":{"line":1063,"column":72}},"561":{"start":{"line":1062,"column":43},"end":{"line":1062,"column":69}},"562":{"start":{"line":1063,"column":17},"end":{"line":1063,"column":72}},"563":{"start":{"line":1063,"column":43},"end":{"line":1063,"column":72}},"564":{"start":{"line":1065,"column":12},"end":{"line":1075,"column":14}},"565":{"start":{"line":1079,"column":8},"end":{"line":1079,"column":78}},"566":{"start":{"line":1079,"column":41},"end":{"line":1079,"column":76}},"567":{"start":{"line":1081,"column":8},"end":{"line":1090,"column":11}},"568":{"start":{"line":1086,"column":57},"end":{"line":1086,"column":91}},"569":{"start":{"line":1087,"column":57},"end":{"line":1087,"column":89}},"570":{"start":{"line":1088,"column":57},"end":{"line":1088,"column":86}},"571":{"start":{"line":1092,"column":8},"end":{"line":1092,"column":65}},"572":{"start":{"line":1093,"column":8},"end":{"line":1093,"column":100}},"573":{"start":{"line":1099,"column":0},"end":{"line":1153,"column":3}},"574":{"start":{"line":1100,"column":24},"end":{"line":1100,"column":34}},"575":{"start":{"line":1101,"column":4},"end":{"line":1152,"column":5}},"576":{"start":{"line":1102,"column":27},"end":{"line":1104,"column":10}},"577":{"start":{"line":1105,"column":8},"end":{"line":1107,"column":9}},"578":{"start":{"line":1106,"column":12},"end":{"line":1106,"column":85}},"579":{"start":{"line":1109,"column":22},"end":{"line":1112,"column":10}},"580":{"start":{"line":1113,"column":8},"end":{"line":1113,"column":78}},"581":{"start":{"line":1113,"column":20},"end":{"line":1113,"column":78}},"582":{"start":{"line":1115,"column":24},"end":{"line":1121,"column":10}},"583":{"start":{"line":1123,"column":31},"end":{"line":1123,"column":83}},"584":{"start":{"line":1123,"column":51},"end":{"line":1123,"column":75}},"585":{"start":{"line":1124,"column":31},"end":{"line":1124,"column":81}},"586":{"start":{"line":1124,"column":51},"end":{"line":1124,"column":73}},"587":{"start":{"line":1125,"column":31},"end":{"line":1127,"column":62}},"588":{"start":{"line":1126,"column":25},"end":{"line":1126,"column":49}},"589":{"start":{"line":1127,"column":32},"end":{"line":1127,"column":58}},"590":{"start":{"line":1129,"column":8},"end":{"line":1148,"column":11}},"591":{"start":{"line":1133,"column":39},"end":{"line":1142,"column":13}},"592":{"start":{"line":1150,"column":8},"end":{"line":1150,"column":65}},"593":{"start":{"line":1151,"column":8},"end":{"line":1151,"column":100}},"594":{"start":{"line":1156,"column":11},"end":{"line":1156,"column":43}},"595":{"start":{"line":1158,"column":18},"end":{"line":1158,"column":22}},"596":{"start":{"line":1164,"column":25},"end":{"line":1200,"column":5}},"597":{"start":{"line":1202,"column":15},"end":{"line":1202,"column":58}},"598":{"start":{"line":1202,"column":49},"end":{"line":1202,"column":56}},"599":{"start":{"line":1203,"column":15},"end":{"line":1203,"column":59}},"600":{"start":{"line":1203,"column":49},"end":{"line":1203,"column":57}},"601":{"start":{"line":1206,"column":18},"end":{"line":1206,"column":33}},"602":{"start":{"line":1207,"column":4},"end":{"line":1207,"column":83}},"603":{"start":{"line":1208,"column":4},"end":{"line":1208,"column":66}},"604":{"start":{"line":1209,"column":4},"end":{"line":1209,"column":69}},"605":{"start":{"line":1211,"column":4},"end":{"line":1215,"column":7}},"606":{"start":{"line":1217,"column":4},"end":{"line":1221,"column":7}},"607":{"start":{"line":1223,"column":4},"end":{"line":1223,"column":17}},"608":{"start":{"line":1224,"column":4},"end":{"line":1224,"column":17}},"609":{"start":{"line":1226,"column":4},"end":{"line":1226,"column":65}},"610":{"start":{"line":1227,"column":4},"end":{"line":1227,"column":17}},"611":{"start":{"line":1231,"column":0},"end":{"line":1235,"column":3}},"612":{"start":{"line":1232,"column":4},"end":{"line":1232,"column":24}},"613":{"start":{"line":1234,"column":4},"end":{"line":1234,"column":58}},"614":{"start":{"line":1239,"column":24},"end":{"line":1239,"column":52}},"615":{"start":{"line":1240,"column":24},"end":{"line":1240,"column":39}},"616":{"start":{"line":1241,"column":24},"end":{"line":1241,"column":39}},"617":{"start":{"line":1242,"column":24},"end":{"line":1242,"column":39}},"618":{"start":{"line":1243,"column":24},"end":{"line":1243,"column":51}},"619":{"start":{"line":1244,"column":4},"end":{"line":1244,"column":65}},"620":{"start":{"line":1249,"column":4},"end":{"line":1249,"column":87}},"621":{"start":{"line":1249,"column":21},"end":{"line":1249,"column":87}},"622":{"start":{"line":1250,"column":4},"end":{"line":1250,"column":87}},"623":{"start":{"line":1250,"column":21},"end":{"line":1250,"column":87}},"624":{"start":{"line":1251,"column":4},"end":{"line":1251,"column":87}},"625":{"start":{"line":1251,"column":21},"end":{"line":1251,"column":87}},"626":{"start":{"line":1252,"column":4},"end":{"line":1252,"column":83}},"627":{"start":{"line":1257,"column":0},"end":{"line":1348,"column":3}},"628":{"start":{"line":1258,"column":24},"end":{"line":1258,"column":34}},"629":{"start":{"line":1260,"column":4},"end":{"line":1347,"column":5}},"630":{"start":{"line":1262,"column":27},"end":{"line":1264,"column":10}},"631":{"start":{"line":1265,"column":8},"end":{"line":1267,"column":9}},"632":{"start":{"line":1266,"column":12},"end":{"line":1266,"column":89}},"633":{"start":{"line":1270,"column":8},"end":{"line":1272,"column":9}},"634":{"start":{"line":1271,"column":12},"end":{"line":1271,"column":123}},"635":{"start":{"line":1274,"column":22},"end":{"line":1277,"column":10}},"636":{"start":{"line":1278,"column":8},"end":{"line":1278,"column":78}},"637":{"start":{"line":1278,"column":20},"end":{"line":1278,"column":78}},"638":{"start":{"line":1280,"column":24},"end":{"line":1283,"column":10}},"639":{"start":{"line":1285,"column":30},"end":{"line":1287,"column":10}},"640":{"start":{"line":1290,"column":30},"end":{"line":1317,"column":11}},"641":{"start":{"line":1291,"column":35},"end":{"line":1291,"column":96}},"642":{"start":{"line":1291,"column":61},"end":{"line":1291,"column":95}},"643":{"start":{"line":1292,"column":28},"end":{"line":1292,"column":82}},"644":{"start":{"line":1292,"column":55},"end":{"line":1292,"column":74}},"645":{"start":{"line":1293,"column":28},"end":{"line":1293,"column":84}},"646":{"start":{"line":1293,"column":55},"end":{"line":1293,"column":76}},"647":{"start":{"line":1294,"column":28},"end":{"line":1294,"column":85}},"648":{"start":{"line":1294,"column":55},"end":{"line":1294,"column":77}},"649":{"start":{"line":1296,"column":31},"end":{"line":1296,"column":69}},"650":{"start":{"line":1297,"column":32},"end":{"line":1297,"column":55}},"651":{"start":{"line":1298,"column":32},"end":{"line":1298,"column":64}},"652":{"start":{"line":1299,"column":32},"end":{"line":1299,"column":60}},"653":{"start":{"line":1300,"column":32},"end":{"line":1300,"column":58}},"654":{"start":{"line":1302,"column":12},"end":{"line":1302,"column":34}},"655":{"start":{"line":1303,"column":12},"end":{"line":1303,"column":33}},"656":{"start":{"line":1305,"column":36},"end":{"line":1305,"column":55}},"657":{"start":{"line":1307,"column":12},"end":{"line":1316,"column":14}},"658":{"start":{"line":1320,"column":8},"end":{"line":1320,"column":56}},"659":{"start":{"line":1320,"column":37},"end":{"line":1320,"column":54}},"660":{"start":{"line":1323,"column":25},"end":{"line":1325,"column":15}},"661":{"start":{"line":1324,"column":58},"end":{"line":1324,"column":71}},"662":{"start":{"line":1327,"column":55},"end":{"line":1327,"column":77}},"663":{"start":{"line":1329,"column":8},"end":{"line":1342,"column":11}},"664":{"start":{"line":1345,"column":8},"end":{"line":1345,"column":64}},"665":{"start":{"line":1346,"column":8},"end":{"line":1346,"column":100}},"666":{"start":{"line":1352,"column":0},"end":{"line":1404,"column":3}},"667":{"start":{"line":1353,"column":24},"end":{"line":1353,"column":34}},"668":{"start":{"line":1354,"column":19},"end":{"line":1354,"column":34}},"669":{"start":{"line":1356,"column":4},"end":{"line":1403,"column":5}},"670":{"start":{"line":1357,"column":27},"end":{"line":1359,"column":10}},"671":{"start":{"line":1360,"column":8},"end":{"line":1362,"column":9}},"672":{"start":{"line":1361,"column":12},"end":{"line":1361,"column":89}},"673":{"start":{"line":1364,"column":8},"end":{"line":1366,"column":9}},"674":{"start":{"line":1365,"column":12},"end":{"line":1365,"column":123}},"675":{"start":{"line":1368,"column":30},"end":{"line":1370,"column":10}},"676":{"start":{"line":1372,"column":24},"end":{"line":1372,"column":77}},"677":{"start":{"line":1372,"column":50},"end":{"line":1372,"column":69}},"678":{"start":{"line":1373,"column":24},"end":{"line":1373,"column":79}},"679":{"start":{"line":1373,"column":50},"end":{"line":1373,"column":71}},"680":{"start":{"line":1374,"column":24},"end":{"line":1374,"column":80}},"681":{"start":{"line":1374,"column":50},"end":{"line":1374,"column":72}},"682":{"start":{"line":1376,"column":28},"end":{"line":1376,"column":66}},"683":{"start":{"line":1377,"column":28},"end":{"line":1377,"column":51}},"684":{"start":{"line":1378,"column":28},"end":{"line":1378,"column":60}},"685":{"start":{"line":1379,"column":28},"end":{"line":1379,"column":56}},"686":{"start":{"line":1380,"column":28},"end":{"line":1380,"column":54}},"687":{"start":{"line":1382,"column":8},"end":{"line":1382,"column":30}},"688":{"start":{"line":1383,"column":8},"end":{"line":1383,"column":29}},"689":{"start":{"line":1385,"column":32},"end":{"line":1385,"column":51}},"690":{"start":{"line":1387,"column":8},"end":{"line":1398,"column":11}},"691":{"start":{"line":1401,"column":8},"end":{"line":1401,"column":70}},"692":{"start":{"line":1402,"column":8},"end":{"line":1402,"column":96}},"693":{"start":{"line":1406,"column":0},"end":{"line":1439,"column":3}},"694":{"start":{"line":1407,"column":26},"end":{"line":1407,"column":36}},"695":{"start":{"line":1408,"column":24},"end":{"line":1408,"column":32}},"696":{"start":{"line":1409,"column":23},"end":{"line":1409,"column":38}},"697":{"start":{"line":1411,"column":4},"end":{"line":1413,"column":5}},"698":{"start":{"line":1412,"column":8},"end":{"line":1412,"column":78}},"699":{"start":{"line":1415,"column":4},"end":{"line":1438,"column":5}},"700":{"start":{"line":1416,"column":24},"end":{"line":1418,"column":10}},"701":{"start":{"line":1419,"column":8},"end":{"line":1419,"column":82}},"702":{"start":{"line":1419,"column":22},"end":{"line":1419,"column":82}},"703":{"start":{"line":1421,"column":27},"end":{"line":1423,"column":10}},"704":{"start":{"line":1424,"column":8},"end":{"line":1424,"column":114}},"705":{"start":{"line":1424,"column":25},"end":{"line":1424,"column":114}},"706":{"start":{"line":1426,"column":24},"end":{"line":1433,"column":10}},"707":{"start":{"line":1434,"column":8},"end":{"line":1434,"column":84}},"708":{"start":{"line":1436,"column":8},"end":{"line":1436,"column":57}},"709":{"start":{"line":1437,"column":8},"end":{"line":1437,"column":92}},"710":{"start":{"line":1441,"column":0},"end":{"line":1468,"column":3}},"711":{"start":{"line":1442,"column":37},"end":{"line":1442,"column":47}},"712":{"start":{"line":1443,"column":24},"end":{"line":1443,"column":32}},"713":{"start":{"line":1444,"column":19},"end":{"line":1444,"column":34}},"714":{"start":{"line":1446,"column":4},"end":{"line":1448,"column":5}},"715":{"start":{"line":1447,"column":8},"end":{"line":1447,"column":78}},"716":{"start":{"line":1450,"column":4},"end":{"line":1467,"column":5}},"717":{"start":{"line":1451,"column":24},"end":{"line":1453,"column":10}},"718":{"start":{"line":1454,"column":8},"end":{"line":1454,"column":82}},"719":{"start":{"line":1454,"column":22},"end":{"line":1454,"column":82}},"720":{"start":{"line":1455,"column":8},"end":{"line":1457,"column":9}},"721":{"start":{"line":1456,"column":12},"end":{"line":1456,"column":89}},"722":{"start":{"line":1459,"column":24},"end":{"line":1462,"column":10}},"723":{"start":{"line":1463,"column":8},"end":{"line":1463,"column":80}},"724":{"start":{"line":1465,"column":8},"end":{"line":1465,"column":56}},"725":{"start":{"line":1466,"column":8},"end":{"line":1466,"column":92}},"726":{"start":{"line":1470,"column":0},"end":{"line":1494,"column":3}},"727":{"start":{"line":1471,"column":26},"end":{"line":1471,"column":36}},"728":{"start":{"line":1473,"column":4},"end":{"line":1493,"column":5}},"729":{"start":{"line":1474,"column":24},"end":{"line":1476,"column":10}},"730":{"start":{"line":1477,"column":8},"end":{"line":1477,"column":82}},"731":{"start":{"line":1477,"column":22},"end":{"line":1477,"column":82}},"732":{"start":{"line":1479,"column":27},"end":{"line":1481,"column":10}},"733":{"start":{"line":1482,"column":8},"end":{"line":1482,"column":102}},"734":{"start":{"line":1482,"column":25},"end":{"line":1482,"column":102}},"735":{"start":{"line":1484,"column":24},"end":{"line":1488,"column":10}},"736":{"start":{"line":1489,"column":8},"end":{"line":1489,"column":62}},"737":{"start":{"line":1491,"column":8},"end":{"line":1491,"column":56}},"738":{"start":{"line":1492,"column":8},"end":{"line":1492,"column":91}},"739":{"start":{"line":1495,"column":0},"end":{"line":1497,"column":3}},"740":{"start":{"line":1496,"column":4},"end":{"line":1496,"column":80}},"741":{"start":{"line":1499,"column":0},"end":{"line":1505,"column":1}},"742":{"start":{"line":1500,"column":17},"end":{"line":1500,"column":41}},"743":{"start":{"line":1501,"column":4},"end":{"line":1504,"column":7}},"744":{"start":{"line":1502,"column":8},"end":{"line":1502,"column":69}},"745":{"start":{"line":1503,"column":8},"end":{"line":1503,"column":87}},"746":{"start":{"line":1507,"column":0},"end":{"line":1507,"column":21}}},"fnMap":{"0":{"name":"generateUniqueToken","decl":{"start":{"line":27,"column":9},"end":{"line":27,"column":28}},"loc":{"start":{"line":27,"column":31},"end":{"line":29,"column":1}},"line":27},"1":{"name":"(anonymous_1)","decl":{"start":{"line":31,"column":19},"end":{"line":31,"column":20}},"loc":{"start":{"line":31,"column":33},"end":{"line":38,"column":1}},"line":31},"2":{"name":"(anonymous_2)","decl":{"start":{"line":40,"column":19},"end":{"line":40,"column":20}},"loc":{"start":{"line":40,"column":33},"end":{"line":52,"column":1}},"line":40},"3":{"name":"(anonymous_3)","decl":{"start":{"line":56,"column":37},"end":{"line":56,"column":38}},"loc":{"start":{"line":56,"column":51},"end":{"line":58,"column":1}},"line":56},"4":{"name":"(anonymous_4)","decl":{"start":{"line":60,"column":22},"end":{"line":60,"column":23}},"loc":{"start":{"line":60,"column":42},"end":{"line":67,"column":1}},"line":60},"5":{"name":"(anonymous_5)","decl":{"start":{"line":69,"column":23},"end":{"line":69,"column":24}},"loc":{"start":{"line":69,"column":43},"end":{"line":76,"column":1}},"line":69},"6":{"name":"calculateDueDate","decl":{"start":{"line":78,"column":9},"end":{"line":78,"column":25}},"loc":{"start":{"line":78,"column":48},"end":{"line":86,"column":1}},"line":78},"7":{"name":"ensureGroupHasAdmin","decl":{"start":{"line":88,"column":15},"end":{"line":88,"column":34}},"loc":{"start":{"line":88,"column":73},"end":{"line":119,"column":1}},"line":88},"8":{"name":"createContributionForNewMember","decl":{"start":{"line":121,"column":15},"end":{"line":121,"column":45}},"loc":{"start":{"line":121,"column":69},"end":{"line":150,"column":1}},"line":121},"9":{"name":"(anonymous_9)","decl":{"start":{"line":152,"column":24},"end":{"line":152,"column":25}},"loc":{"start":{"line":152,"column":44},"end":{"line":174,"column":1}},"line":152},"10":{"name":"(anonymous_10)","decl":{"start":{"line":155,"column":49},"end":{"line":155,"column":50}},"loc":{"start":{"line":155,"column":67},"end":{"line":168,"column":9}},"line":155},"11":{"name":"(anonymous_11)","decl":{"start":{"line":176,"column":39},"end":{"line":176,"column":40}},"loc":{"start":{"line":176,"column":59},"end":{"line":207,"column":1}},"line":176},"12":{"name":"(anonymous_12)","decl":{"start":{"line":183,"column":65},"end":{"line":183,"column":66}},"loc":{"start":{"line":183,"column":87},"end":{"line":201,"column":9}},"line":183},"13":{"name":"(anonymous_13)","decl":{"start":{"line":189,"column":45},"end":{"line":189,"column":46}},"loc":{"start":{"line":189,"column":56},"end":{"line":192,"column":13}},"line":189},"14":{"name":"(anonymous_14)","decl":{"start":{"line":209,"column":35},"end":{"line":209,"column":36}},"loc":{"start":{"line":209,"column":55},"end":{"line":237,"column":1}},"line":209},"15":{"name":"(anonymous_15)","decl":{"start":{"line":239,"column":31},"end":{"line":239,"column":32}},"loc":{"start":{"line":239,"column":51},"end":{"line":277,"column":1}},"line":239},"16":{"name":"(anonymous_16)","decl":{"start":{"line":279,"column":47},"end":{"line":279,"column":48}},"loc":{"start":{"line":279,"column":67},"end":{"line":291,"column":1}},"line":279},"17":{"name":"(anonymous_17)","decl":{"start":{"line":293,"column":51},"end":{"line":293,"column":52}},"loc":{"start":{"line":293,"column":71},"end":{"line":348,"column":1}},"line":293},"18":{"name":"(anonymous_18)","decl":{"start":{"line":316,"column":30},"end":{"line":316,"column":31}},"loc":{"start":{"line":316,"column":41},"end":{"line":316,"column":87}},"line":316},"19":{"name":"(anonymous_19)","decl":{"start":{"line":318,"column":46},"end":{"line":318,"column":47}},"loc":{"start":{"line":318,"column":56},"end":{"line":332,"column":9}},"line":318},"20":{"name":"(anonymous_20)","decl":{"start":{"line":338,"column":47},"end":{"line":338,"column":48}},"loc":{"start":{"line":338,"column":52},"end":{"line":338,"column":83}},"line":338},"21":{"name":"(anonymous_21)","decl":{"start":{"line":339,"column":50},"end":{"line":339,"column":51}},"loc":{"start":{"line":339,"column":55},"end":{"line":339,"column":89}},"line":339},"22":{"name":"(anonymous_22)","decl":{"start":{"line":340,"column":50},"end":{"line":340,"column":51}},"loc":{"start":{"line":340,"column":55},"end":{"line":340,"column":90}},"line":340},"23":{"name":"(anonymous_23)","decl":{"start":{"line":341,"column":49},"end":{"line":341,"column":50}},"loc":{"start":{"line":341,"column":54},"end":{"line":341,"column":87}},"line":341},"24":{"name":"(anonymous_24)","decl":{"start":{"line":350,"column":53},"end":{"line":350,"column":54}},"loc":{"start":{"line":350,"column":73},"end":{"line":363,"column":1}},"line":350},"25":{"name":"(anonymous_25)","decl":{"start":{"line":365,"column":35},"end":{"line":365,"column":36}},"loc":{"start":{"line":365,"column":55},"end":{"line":406,"column":1}},"line":365},"26":{"name":"(anonymous_26)","decl":{"start":{"line":408,"column":49},"end":{"line":408,"column":50}},"loc":{"start":{"line":408,"column":69},"end":{"line":433,"column":1}},"line":408},"27":{"name":"(anonymous_27)","decl":{"start":{"line":435,"column":60},"end":{"line":435,"column":61}},"loc":{"start":{"line":435,"column":80},"end":{"line":451,"column":1}},"line":435},"28":{"name":"(anonymous_28)","decl":{"start":{"line":453,"column":41},"end":{"line":453,"column":42}},"loc":{"start":{"line":453,"column":61},"end":{"line":570,"column":1}},"line":453},"29":{"name":"(anonymous_29)","decl":{"start":{"line":574,"column":52},"end":{"line":574,"column":53}},"loc":{"start":{"line":574,"column":72},"end":{"line":586,"column":1}},"line":574},"30":{"name":"(anonymous_30)","decl":{"start":{"line":588,"column":38},"end":{"line":588,"column":39}},"loc":{"start":{"line":588,"column":58},"end":{"line":613,"column":1}},"line":588},"31":{"name":"(anonymous_31)","decl":{"start":{"line":615,"column":49},"end":{"line":615,"column":50}},"loc":{"start":{"line":615,"column":69},"end":{"line":632,"column":1}},"line":615},"32":{"name":"(anonymous_32)","decl":{"start":{"line":634,"column":39},"end":{"line":634,"column":40}},"loc":{"start":{"line":634,"column":59},"end":{"line":649,"column":1}},"line":634},"33":{"name":"(anonymous_33)","decl":{"start":{"line":651,"column":53},"end":{"line":651,"column":54}},"loc":{"start":{"line":651,"column":73},"end":{"line":671,"column":1}},"line":651},"34":{"name":"(anonymous_34)","decl":{"start":{"line":673,"column":63},"end":{"line":673,"column":64}},"loc":{"start":{"line":673,"column":83},"end":{"line":717,"column":1}},"line":673},"35":{"name":"(anonymous_35)","decl":{"start":{"line":697,"column":40},"end":{"line":697,"column":41}},"loc":{"start":{"line":697,"column":50},"end":{"line":708,"column":9}},"line":697},"36":{"name":"(anonymous_36)","decl":{"start":{"line":698,"column":61},"end":{"line":698,"column":62}},"loc":{"start":{"line":698,"column":66},"end":{"line":698,"column":100}},"line":698},"37":{"name":"(anonymous_37)","decl":{"start":{"line":699,"column":52},"end":{"line":699,"column":53}},"loc":{"start":{"line":699,"column":57},"end":{"line":699,"column":76}},"line":699},"38":{"name":"(anonymous_38)","decl":{"start":{"line":700,"column":54},"end":{"line":700,"column":55}},"loc":{"start":{"line":700,"column":59},"end":{"line":700,"column":80}},"line":700},"39":{"name":"(anonymous_39)","decl":{"start":{"line":701,"column":55},"end":{"line":701,"column":56}},"loc":{"start":{"line":701,"column":60},"end":{"line":701,"column":82}},"line":701},"40":{"name":"(anonymous_40)","decl":{"start":{"line":710,"column":45},"end":{"line":710,"column":46}},"loc":{"start":{"line":710,"column":50},"end":{"line":710,"column":74}},"line":710},"41":{"name":"(anonymous_41)","decl":{"start":{"line":719,"column":72},"end":{"line":719,"column":73}},"loc":{"start":{"line":719,"column":92},"end":{"line":769,"column":1}},"line":719},"42":{"name":"(anonymous_42)","decl":{"start":{"line":739,"column":46},"end":{"line":739,"column":47}},"loc":{"start":{"line":739,"column":51},"end":{"line":739,"column":81}},"line":739},"43":{"name":"(anonymous_43)","decl":{"start":{"line":777,"column":43},"end":{"line":777,"column":44}},"loc":{"start":{"line":777,"column":63},"end":{"line":807,"column":1}},"line":777},"44":{"name":"(anonymous_44)","decl":{"start":{"line":810,"column":43},"end":{"line":810,"column":44}},"loc":{"start":{"line":810,"column":63},"end":{"line":843,"column":1}},"line":810},"45":{"name":"(anonymous_45)","decl":{"start":{"line":846,"column":45},"end":{"line":846,"column":46}},"loc":{"start":{"line":846,"column":65},"end":{"line":873,"column":1}},"line":846},"46":{"name":"(anonymous_46)","decl":{"start":{"line":876,"column":52},"end":{"line":876,"column":53}},"loc":{"start":{"line":876,"column":72},"end":{"line":906,"column":1}},"line":876},"47":{"name":"(anonymous_47)","decl":{"start":{"line":912,"column":64},"end":{"line":912,"column":65}},"loc":{"start":{"line":912,"column":84},"end":{"line":971,"column":1}},"line":912},"48":{"name":"(anonymous_48)","decl":{"start":{"line":941,"column":20},"end":{"line":941,"column":21}},"loc":{"start":{"line":941,"column":25},"end":{"line":941,"column":44}},"line":941},"49":{"name":"(anonymous_49)","decl":{"start":{"line":942,"column":20},"end":{"line":942,"column":21}},"loc":{"start":{"line":942,"column":32},"end":{"line":942,"column":58}},"line":942},"50":{"name":"(anonymous_50)","decl":{"start":{"line":945,"column":20},"end":{"line":945,"column":21}},"loc":{"start":{"line":945,"column":25},"end":{"line":945,"column":49}},"line":945},"51":{"name":"(anonymous_51)","decl":{"start":{"line":946,"column":20},"end":{"line":946,"column":21}},"loc":{"start":{"line":946,"column":32},"end":{"line":946,"column":58}},"line":946},"52":{"name":"(anonymous_52)","decl":{"start":{"line":948,"column":50},"end":{"line":948,"column":51}},"loc":{"start":{"line":948,"column":55},"end":{"line":948,"column":74}},"line":948},"53":{"name":"(anonymous_53)","decl":{"start":{"line":949,"column":50},"end":{"line":949,"column":51}},"loc":{"start":{"line":949,"column":55},"end":{"line":949,"column":76}},"line":949},"54":{"name":"(anonymous_54)","decl":{"start":{"line":950,"column":50},"end":{"line":950,"column":51}},"loc":{"start":{"line":950,"column":55},"end":{"line":950,"column":77}},"line":950},"55":{"name":"(anonymous_55)","decl":{"start":{"line":963,"column":45},"end":{"line":963,"column":46}},"loc":{"start":{"line":963,"column":50},"end":{"line":963,"column":74}},"line":963},"56":{"name":"(anonymous_56)","decl":{"start":{"line":964,"column":43},"end":{"line":964,"column":44}},"loc":{"start":{"line":964,"column":48},"end":{"line":964,"column":70}},"line":964},"57":{"name":"(anonymous_57)","decl":{"start":{"line":975,"column":69},"end":{"line":975,"column":70}},"loc":{"start":{"line":975,"column":89},"end":{"line":1023,"column":1}},"line":975},"58":{"name":"(anonymous_58)","decl":{"start":{"line":998,"column":30},"end":{"line":998,"column":31}},"loc":{"start":{"line":998,"column":35},"end":{"line":1009,"column":9}},"line":998},"59":{"name":"(anonymous_59)","decl":{"start":{"line":1027,"column":63},"end":{"line":1027,"column":64}},"loc":{"start":{"line":1027,"column":83},"end":{"line":1095,"column":1}},"line":1027},"60":{"name":"(anonymous_60)","decl":{"start":{"line":1052,"column":46},"end":{"line":1052,"column":47}},"loc":{"start":{"line":1052,"column":56},"end":{"line":1076,"column":9}},"line":1052},"61":{"name":"(anonymous_61)","decl":{"start":{"line":1053,"column":56},"end":{"line":1053,"column":57}},"loc":{"start":{"line":1053,"column":61},"end":{"line":1053,"column":95}},"line":1053},"62":{"name":"(anonymous_62)","decl":{"start":{"line":1054,"column":50},"end":{"line":1054,"column":51}},"loc":{"start":{"line":1054,"column":55},"end":{"line":1054,"column":74}},"line":1054},"63":{"name":"(anonymous_63)","decl":{"start":{"line":1055,"column":50},"end":{"line":1055,"column":51}},"loc":{"start":{"line":1055,"column":55},"end":{"line":1055,"column":76}},"line":1055},"64":{"name":"(anonymous_64)","decl":{"start":{"line":1056,"column":50},"end":{"line":1056,"column":51}},"loc":{"start":{"line":1056,"column":55},"end":{"line":1056,"column":77}},"line":1056},"65":{"name":"(anonymous_65)","decl":{"start":{"line":1079,"column":31},"end":{"line":1079,"column":32}},"loc":{"start":{"line":1079,"column":41},"end":{"line":1079,"column":76}},"line":1079},"66":{"name":"(anonymous_66)","decl":{"start":{"line":1086,"column":52},"end":{"line":1086,"column":53}},"loc":{"start":{"line":1086,"column":57},"end":{"line":1086,"column":91}},"line":1086},"67":{"name":"(anonymous_67)","decl":{"start":{"line":1087,"column":52},"end":{"line":1087,"column":53}},"loc":{"start":{"line":1087,"column":57},"end":{"line":1087,"column":89}},"line":1087},"68":{"name":"(anonymous_68)","decl":{"start":{"line":1088,"column":52},"end":{"line":1088,"column":53}},"loc":{"start":{"line":1088,"column":57},"end":{"line":1088,"column":86}},"line":1088},"69":{"name":"(anonymous_69)","decl":{"start":{"line":1099,"column":63},"end":{"line":1099,"column":64}},"loc":{"start":{"line":1099,"column":83},"end":{"line":1153,"column":1}},"line":1099},"70":{"name":"(anonymous_70)","decl":{"start":{"line":1123,"column":46},"end":{"line":1123,"column":47}},"loc":{"start":{"line":1123,"column":51},"end":{"line":1123,"column":75}},"line":1123},"71":{"name":"(anonymous_71)","decl":{"start":{"line":1124,"column":46},"end":{"line":1124,"column":47}},"loc":{"start":{"line":1124,"column":51},"end":{"line":1124,"column":73}},"line":1124},"72":{"name":"(anonymous_72)","decl":{"start":{"line":1126,"column":20},"end":{"line":1126,"column":21}},"loc":{"start":{"line":1126,"column":25},"end":{"line":1126,"column":49}},"line":1126},"73":{"name":"(anonymous_73)","decl":{"start":{"line":1127,"column":20},"end":{"line":1127,"column":21}},"loc":{"start":{"line":1127,"column":32},"end":{"line":1127,"column":58}},"line":1127},"74":{"name":"(anonymous_74)","decl":{"start":{"line":1133,"column":33},"end":{"line":1133,"column":34}},"loc":{"start":{"line":1133,"column":39},"end":{"line":1142,"column":13}},"line":1133},"75":{"name":"trainHealthModel","decl":{"start":{"line":1163,"column":15},"end":{"line":1163,"column":31}},"loc":{"start":{"line":1163,"column":34},"end":{"line":1228,"column":1}},"line":1163},"76":{"name":"(anonymous_76)","decl":{"start":{"line":1202,"column":44},"end":{"line":1202,"column":45}},"loc":{"start":{"line":1202,"column":49},"end":{"line":1202,"column":56}},"line":1202},"77":{"name":"(anonymous_77)","decl":{"start":{"line":1203,"column":44},"end":{"line":1203,"column":45}},"loc":{"start":{"line":1203,"column":49},"end":{"line":1203,"column":57}},"line":1203},"78":{"name":"(anonymous_78)","decl":{"start":{"line":1231,"column":24},"end":{"line":1231,"column":25}},"loc":{"start":{"line":1231,"column":33},"end":{"line":1233,"column":1}},"line":1231},"79":{"name":"(anonymous_79)","decl":{"start":{"line":1233,"column":9},"end":{"line":1233,"column":10}},"loc":{"start":{"line":1233,"column":16},"end":{"line":1235,"column":1}},"line":1233},"80":{"name":"extractFeatures","decl":{"start":{"line":1238,"column":9},"end":{"line":1238,"column":24}},"loc":{"start":{"line":1238,"column":48},"end":{"line":1245,"column":1}},"line":1238},"81":{"name":"scoreToLabel","decl":{"start":{"line":1248,"column":9},"end":{"line":1248,"column":21}},"loc":{"start":{"line":1248,"column":29},"end":{"line":1253,"column":1}},"line":1248},"82":{"name":"(anonymous_82)","decl":{"start":{"line":1257,"column":59},"end":{"line":1257,"column":60}},"loc":{"start":{"line":1257,"column":79},"end":{"line":1348,"column":1}},"line":1257},"83":{"name":"(anonymous_83)","decl":{"start":{"line":1290,"column":60},"end":{"line":1290,"column":61}},"loc":{"start":{"line":1290,"column":78},"end":{"line":1317,"column":9}},"line":1290},"84":{"name":"(anonymous_84)","decl":{"start":{"line":1291,"column":56},"end":{"line":1291,"column":57}},"loc":{"start":{"line":1291,"column":61},"end":{"line":1291,"column":95}},"line":1291},"85":{"name":"(anonymous_85)","decl":{"start":{"line":1292,"column":50},"end":{"line":1292,"column":51}},"loc":{"start":{"line":1292,"column":55},"end":{"line":1292,"column":74}},"line":1292},"86":{"name":"(anonymous_86)","decl":{"start":{"line":1293,"column":50},"end":{"line":1293,"column":51}},"loc":{"start":{"line":1293,"column":55},"end":{"line":1293,"column":76}},"line":1293},"87":{"name":"(anonymous_87)","decl":{"start":{"line":1294,"column":50},"end":{"line":1294,"column":51}},"loc":{"start":{"line":1294,"column":55},"end":{"line":1294,"column":77}},"line":1294},"88":{"name":"(anonymous_88)","decl":{"start":{"line":1320,"column":27},"end":{"line":1320,"column":28}},"loc":{"start":{"line":1320,"column":37},"end":{"line":1320,"column":54}},"line":1320},"89":{"name":"(anonymous_89)","decl":{"start":{"line":1324,"column":46},"end":{"line":1324,"column":47}},"loc":{"start":{"line":1324,"column":58},"end":{"line":1324,"column":71}},"line":1324},"90":{"name":"(anonymous_90)","decl":{"start":{"line":1352,"column":62},"end":{"line":1352,"column":63}},"loc":{"start":{"line":1352,"column":82},"end":{"line":1404,"column":1}},"line":1352},"91":{"name":"(anonymous_91)","decl":{"start":{"line":1372,"column":45},"end":{"line":1372,"column":46}},"loc":{"start":{"line":1372,"column":50},"end":{"line":1372,"column":69}},"line":1372},"92":{"name":"(anonymous_92)","decl":{"start":{"line":1373,"column":45},"end":{"line":1373,"column":46}},"loc":{"start":{"line":1373,"column":50},"end":{"line":1373,"column":71}},"line":1373},"93":{"name":"(anonymous_93)","decl":{"start":{"line":1374,"column":45},"end":{"line":1374,"column":46}},"loc":{"start":{"line":1374,"column":50},"end":{"line":1374,"column":72}},"line":1374},"94":{"name":"(anonymous_94)","decl":{"start":{"line":1406,"column":58},"end":{"line":1406,"column":59}},"loc":{"start":{"line":1406,"column":78},"end":{"line":1439,"column":1}},"line":1406},"95":{"name":"(anonymous_95)","decl":{"start":{"line":1441,"column":70},"end":{"line":1441,"column":71}},"loc":{"start":{"line":1441,"column":90},"end":{"line":1468,"column":1}},"line":1441},"96":{"name":"(anonymous_96)","decl":{"start":{"line":1470,"column":57},"end":{"line":1470,"column":58}},"loc":{"start":{"line":1470,"column":77},"end":{"line":1494,"column":1}},"line":1470},"97":{"name":"(anonymous_97)","decl":{"start":{"line":1495,"column":14},"end":{"line":1495,"column":15}},"loc":{"start":{"line":1495,"column":28},"end":{"line":1497,"column":1}},"line":1495},"98":{"name":"(anonymous_98)","decl":{"start":{"line":1501,"column":21},"end":{"line":1501,"column":22}},"loc":{"start":{"line":1501,"column":27},"end":{"line":1504,"column":5}},"line":1501}},"branchMap":{"0":{"loc":{"start":{"line":47,"column":26},"end":{"line":47,"column":63}},"type":"binary-expr","locations":[{"start":{"line":47,"column":26},"end":{"line":47,"column":46}},{"start":{"line":47,"column":50},"end":{"line":47,"column":63}}],"line":47},"1":{"loc":{"start":{"line":80,"column":4},"end":{"line":84,"column":5}},"type":"if","locations":[{"start":{"line":80,"column":4},"end":{"line":84,"column":5}},{"start":{"line":82,"column":11},"end":{"line":84,"column":5}}],"line":80},"2":{"loc":{"start":{"line":82,"column":11},"end":{"line":84,"column":5}},"type":"if","locations":[{"start":{"line":82,"column":11},"end":{"line":84,"column":5}},{"start":{},"end":{}}],"line":82},"3":{"loc":{"start":{"line":91,"column":4},"end":{"line":91,"column":41}},"type":"if","locations":[{"start":{"line":91,"column":4},"end":{"line":91,"column":41}},{"start":{},"end":{}}],"line":91},"4":{"loc":{"start":{"line":101,"column":4},"end":{"line":103,"column":5}},"type":"if","locations":[{"start":{"line":101,"column":4},"end":{"line":103,"column":5}},{"start":{},"end":{}}],"line":101},"5":{"loc":{"start":{"line":101,"column":8},"end":{"line":101,"column":50}},"type":"binary-expr","locations":[{"start":{"line":101,"column":8},"end":{"line":101,"column":19}},{"start":{"line":101,"column":23},"end":{"line":101,"column":50}}],"line":101},"6":{"loc":{"start":{"line":114,"column":4},"end":{"line":116,"column":5}},"type":"if","locations":[{"start":{"line":114,"column":4},"end":{"line":116,"column":5}},{"start":{},"end":{}}],"line":114},"7":{"loc":{"start":{"line":127,"column":8},"end":{"line":127,"column":96}},"type":"if","locations":[{"start":{"line":127,"column":8},"end":{"line":127,"column":96}},{"start":{},"end":{}}],"line":127},"8":{"loc":{"start":{"line":131,"column":8},"end":{"line":135,"column":9}},"type":"if","locations":[{"start":{"line":131,"column":8},"end":{"line":135,"column":9}},{"start":{"line":133,"column":15},"end":{"line":135,"column":9}}],"line":131},"9":{"loc":{"start":{"line":133,"column":15},"end":{"line":135,"column":9}},"type":"if","locations":[{"start":{"line":133,"column":15},"end":{"line":135,"column":9}},{"start":{},"end":{}}],"line":133},"10":{"loc":{"start":{"line":211,"column":4},"end":{"line":213,"column":5}},"type":"if","locations":[{"start":{"line":211,"column":4},"end":{"line":213,"column":5}},{"start":{},"end":{}}],"line":211},"11":{"loc":{"start":{"line":211,"column":8},"end":{"line":211,"column":26}},"type":"binary-expr","locations":[{"start":{"line":211,"column":8},"end":{"line":211,"column":14}},{"start":{"line":211,"column":18},"end":{"line":211,"column":26}}],"line":211},"12":{"loc":{"start":{"line":216,"column":8},"end":{"line":216,"column":125}},"type":"if","locations":[{"start":{"line":216,"column":8},"end":{"line":216,"column":125}},{"start":{},"end":{}}],"line":216},"13":{"loc":{"start":{"line":221,"column":8},"end":{"line":221,"column":112}},"type":"if","locations":[{"start":{"line":221,"column":8},"end":{"line":221,"column":112}},{"start":{},"end":{}}],"line":221},"14":{"loc":{"start":{"line":241,"column":4},"end":{"line":243,"column":5}},"type":"if","locations":[{"start":{"line":241,"column":4},"end":{"line":243,"column":5}},{"start":{},"end":{}}],"line":241},"15":{"loc":{"start":{"line":241,"column":8},"end":{"line":241,"column":65}},"type":"binary-expr","locations":[{"start":{"line":241,"column":8},"end":{"line":241,"column":15}},{"start":{"line":241,"column":19},"end":{"line":241,"column":27}},{"start":{"line":241,"column":31},"end":{"line":241,"column":38}},{"start":{"line":241,"column":42},"end":{"line":241,"column":54}},{"start":{"line":241,"column":58},"end":{"line":241,"column":65}}],"line":241},"16":{"loc":{"start":{"line":246,"column":8},"end":{"line":246,"column":78}},"type":"if","locations":[{"start":{"line":246,"column":8},"end":{"line":246,"column":78}},{"start":{},"end":{}}],"line":246},"17":{"loc":{"start":{"line":247,"column":8},"end":{"line":249,"column":9}},"type":"if","locations":[{"start":{"line":247,"column":8},"end":{"line":249,"column":9}},{"start":{},"end":{}}],"line":247},"18":{"loc":{"start":{"line":254,"column":8},"end":{"line":271,"column":9}},"type":"if","locations":[{"start":{"line":254,"column":8},"end":{"line":271,"column":9}},{"start":{"line":266,"column":15},"end":{"line":271,"column":9}}],"line":254},"19":{"loc":{"start":{"line":256,"column":12},"end":{"line":257,"column":62}},"type":"if","locations":[{"start":{"line":256,"column":12},"end":{"line":257,"column":62}},{"start":{"line":257,"column":17},"end":{"line":257,"column":62}}],"line":256},"20":{"loc":{"start":{"line":297,"column":8},"end":{"line":297,"column":78}},"type":"if","locations":[{"start":{"line":297,"column":8},"end":{"line":297,"column":78}},{"start":{},"end":{}}],"line":297},"21":{"loc":{"start":{"line":306,"column":8},"end":{"line":312,"column":9}},"type":"if","locations":[{"start":{"line":306,"column":8},"end":{"line":312,"column":9}},{"start":{"line":309,"column":15},"end":{"line":312,"column":9}}],"line":306},"22":{"loc":{"start":{"line":321,"column":12},"end":{"line":329,"column":13}},"type":"if","locations":[{"start":{"line":321,"column":12},"end":{"line":329,"column":13}},{"start":{"line":324,"column":19},"end":{"line":329,"column":13}}],"line":321},"23":{"loc":{"start":{"line":326,"column":16},"end":{"line":327,"column":86}},"type":"if","locations":[{"start":{"line":326,"column":16},"end":{"line":327,"column":86}},{"start":{"line":327,"column":21},"end":{"line":327,"column":86}}],"line":326},"24":{"loc":{"start":{"line":330,"column":12},"end":{"line":330,"column":125}},"type":"if","locations":[{"start":{"line":330,"column":12},"end":{"line":330,"column":125}},{"start":{},"end":{}}],"line":330},"25":{"loc":{"start":{"line":330,"column":16},"end":{"line":330,"column":101}},"type":"binary-expr","locations":[{"start":{"line":330,"column":17},"end":{"line":330,"column":38}},{"start":{"line":330,"column":42},"end":{"line":330,"column":62}},{"start":{"line":330,"column":67},"end":{"line":330,"column":74}},{"start":{"line":330,"column":78},"end":{"line":330,"column":101}}],"line":330},"26":{"loc":{"start":{"line":367,"column":4},"end":{"line":369,"column":5}},"type":"if","locations":[{"start":{"line":367,"column":4},"end":{"line":369,"column":5}},{"start":{},"end":{}}],"line":367},"27":{"loc":{"start":{"line":367,"column":8},"end":{"line":367,"column":54}},"type":"binary-expr","locations":[{"start":{"line":367,"column":8},"end":{"line":367,"column":15}},{"start":{"line":367,"column":19},"end":{"line":367,"column":27}},{"start":{"line":367,"column":31},"end":{"line":367,"column":38}},{"start":{"line":367,"column":42},"end":{"line":367,"column":54}}],"line":367},"28":{"loc":{"start":{"line":373,"column":8},"end":{"line":373,"column":78}},"type":"if","locations":[{"start":{"line":373,"column":8},"end":{"line":373,"column":78}},{"start":{},"end":{}}],"line":373},"29":{"loc":{"start":{"line":374,"column":8},"end":{"line":376,"column":9}},"type":"if","locations":[{"start":{"line":374,"column":8},"end":{"line":376,"column":9}},{"start":{},"end":{}}],"line":374},"30":{"loc":{"start":{"line":380,"column":8},"end":{"line":382,"column":79}},"type":"if","locations":[{"start":{"line":380,"column":8},"end":{"line":382,"column":79}},{"start":{"line":382,"column":15},"end":{"line":382,"column":79}}],"line":380},"31":{"loc":{"start":{"line":385,"column":8},"end":{"line":385,"column":108}},"type":"if","locations":[{"start":{"line":385,"column":8},"end":{"l
[...]
03,"column":13}},{"start":{},"end":{}}],"line":1001},"96":{"loc":{"start":{"line":1005,"column":12},"end":{"line":1008,"column":71}},"type":"if","locations":[{"start":{"line":1005,"column":12},"end":{"line":1008,"column":71}},{"start":{"line":1006,"column":17},"end":{"line":1008,"column":71}}],"line":1005},"97":{"loc":{"start":{"line":1006,"column":17},"end":{"line":1008,"column":71}},"type":"if","locations":[{"start":{"line":1006,"column":17},"end":{"line":1008,"column":71}},{"start":{"line":1007,"column":17},"end":{"line":1008,"column":71}}],"line":1006},"98":{"loc":{"start":{"line":1007,"column":17},"end":{"line":1008,"column":71}},"type":"if","locations":[{"start":{"line":1007,"column":17},"end":{"line":1008,"column":71}},{"start":{"line":1008,"column":46},"end":{"line":1008,"column":71}}],"line":1007},"99":{"loc":{"start":{"line":1033,"column":8},"end":{"line":1035,"column":9}},"type":"if","locations":[{"start":{"line":1033,"column":8},"end":{"line":1035,"column":9}},{"start":{},"end":{}}],"line":1033},"100":{"loc":{"start":{"line":1033,"column":12},"end":{"line":1033,"column":54}},"type":"binary-expr","locations":[{"start":{"line":1033,"column":12},"end":{"line":1033,"column":23}},{"start":{"line":1033,"column":27},"end":{"line":1033,"column":54}}],"line":1033},"101":{"loc":{"start":{"line":1041,"column":8},"end":{"line":1041,"column":78}},"type":"if","locations":[{"start":{"line":1041,"column":8},"end":{"line":1041,"column":78}},{"start":{},"end":{}}],"line":1041},"102":{"loc":{"start":{"line":1057,"column":28},"end":{"line":1057,"column":54}},"type":"binary-expr","locations":[{"start":{"line":1057,"column":28},"end":{"line":1057,"column":49}},{"start":{"line":1057,"column":53},"end":{"line":1057,"column":54}}],"line":1057},"103":{"loc":{"start":{"line":1062,"column":12},"end":{"line":1063,"column":72}},"type":"if","locations":[{"start":{"line":1062,"column":12},"end":{"line":1063,"column":72}},{"start":{"line":1063,"column":17},"end":{"line":1063,"column":72}}],"line":1062},"104":{"loc":{"start":{"line":1063,"column":17},"end":{"line":1063,"column":72}},"type":"if","locations":[{"start":{"line":1063,"column":17},"end":{"line":1063,"column":72}},{"start":{},"end":{}}],"line":1063},"105":{"loc":{"start":{"line":1105,"column":8},"end":{"line":1107,"column":9}},"type":"if","locations":[{"start":{"line":1105,"column":8},"end":{"line":1107,"column":9}},{"start":{},"end":{}}],"line":1105},"106":{"loc":{"start":{"line":1105,"column":12},"end":{"line":1105,"column":54}},"type":"binary-expr","locations":[{"start":{"line":1105,"column":12},"end":{"line":1105,"column":23}},{"start":{"line":1105,"column":27},"end":{"line":1105,"column":54}}],"line":1105},"107":{"loc":{"start":{"line":1113,"column":8},"end":{"line":1113,"column":78}},"type":"if","locations":[{"start":{"line":1113,"column":8},"end":{"line":1113,"column":78}},{"start":{},"end":{}}],"line":1113},"108":{"loc":{"start":{"line":1136,"column":31},"end":{"line":1136,"column":67}},"type":"binary-expr","locations":[{"start":{"line":1136,"column":31},"end":{"line":1136,"column":46}},{"start":{"line":1136,"column":50},"end":{"line":1136,"column":67}}],"line":1136},"109":{"loc":{"start":{"line":1239,"column":24},"end":{"line":1239,"column":52}},"type":"binary-expr","locations":[{"start":{"line":1239,"column":24},"end":{"line":1239,"column":47}},{"start":{"line":1239,"column":51},"end":{"line":1239,"column":52}}],"line":1239},"110":{"loc":{"start":{"line":1243,"column":24},"end":{"line":1243,"column":51}},"type":"cond-expr","locations":[{"start":{"line":1243,"column":46},"end":{"line":1243,"column":47}},{"start":{"line":1243,"column":50},"end":{"line":1243,"column":51}}],"line":1243},"111":{"loc":{"start":{"line":1249,"column":4},"end":{"line":1249,"column":87}},"type":"if","locations":[{"start":{"line":1249,"column":4},"end":{"line":1249,"column":87}},{"start":{},"end":{}}],"line":1249},"112":{"loc":{"start":{"line":1250,"column":4},"end":{"line":1250,"column":87}},"type":"if","locations":[{"start":{"line":1250,"column":4},"end":{"line":1250,"column":87}},{"start":{},"end":{}}],"line":1250},"113":{"loc":{"start":{"line":1251,"column":4},"end":{"line":1251,"column":87}},"type":"if","locations":[{"start":{"line":1251,"column":4},"end":{"line":1251,"column":87}},{"start":{},"end":{}}],"line":1251},"114":{"loc":{"start":{"line":1265,"column":8},"end":{"line":1267,"column":9}},"type":"if","locations":[{"start":{"line":1265,"column":8},"end":{"line":1267,"column":9}},{"start":{},"end":{}}],"line":1265},"115":{"loc":{"start":{"line":1265,"column":12},"end":{"line":1265,"column":76}},"type":"binary-expr","locations":[{"start":{"line":1265,"column":12},"end":{"line":1265,"column":23}},{"start":{"line":1265,"column":27},"end":{"line":1265,"column":76}}],"line":1265},"116":{"loc":{"start":{"line":1270,"column":8},"end":{"line":1272,"column":9}},"type":"if","locations":[{"start":{"line":1270,"column":8},"end":{"line":1272,"column":9}},{"start":{},"end":{}}],"line":1270},"117":{"loc":{"start":{"line":1278,"column":8},"end":{"line":1278,"column":78}},"type":"if","locations":[{"start":{"line":1278,"column":8},"end":{"line":1278,"column":78}},{"start":{},"end":{}}],"line":1278},"118":{"loc":{"start":{"line":1323,"column":25},"end":{"line":1325,"column":15}},"type":"cond-expr","locations":[{"start":{"line":1324,"column":14},"end":{"line":1324,"column":99}},{"start":{"line":1325,"column":14},"end":{"line":1325,"column":15}}],"line":1323},"119":{"loc":{"start":{"line":1360,"column":8},"end":{"line":1362,"column":9}},"type":"if","locations":[{"start":{"line":1360,"column":8},"end":{"line":1362,"column":9}},{"start":{},"end":{}}],"line":1360},"120":{"loc":{"start":{"line":1364,"column":8},"end":{"line":1366,"column":9}},"type":"if","locations":[{"start":{"line":1364,"column":8},"end":{"line":1366,"column":9}},{"start":{},"end":{}}],"line":1364},"121":{"loc":{"start":{"line":1411,"column":4},"end":{"line":1413,"column":5}},"type":"if","locations":[{"start":{"line":1411,"column":4},"end":{"line":1413,"column":5}},{"start":{},"end":{}}],"line":1411},"122":{"loc":{"start":{"line":1411,"column":8},"end":{"line":1411,"column":35}},"type":"binary-expr","locations":[{"start":{"line":1411,"column":8},"end":{"line":1411,"column":16}},{"start":{"line":1411,"column":20},"end":{"line":1411,"column":35}}],"line":1411},"123":{"loc":{"start":{"line":1419,"column":8},"end":{"line":1419,"column":82}},"type":"if","locations":[{"start":{"line":1419,"column":8},"end":{"line":1419,"column":82}},{"start":{},"end":{}}],"line":1419},"124":{"loc":{"start":{"line":1424,"column":8},"end":{"line":1424,"column":114}},"type":"if","locations":[{"start":{"line":1424,"column":8},"end":{"line":1424,"column":114}},{"start":{},"end":{}}],"line":1424},"125":{"loc":{"start":{"line":1446,"column":4},"end":{"line":1448,"column":5}},"type":"if","locations":[{"start":{"line":1446,"column":4},"end":{"line":1448,"column":5}},{"start":{},"end":{}}],"line":1446},"126":{"loc":{"start":{"line":1446,"column":8},"end":{"line":1446,"column":35}},"type":"binary-expr","locations":[{"start":{"line":1446,"column":8},"end":{"line":1446,"column":16}},{"start":{"line":1446,"column":20},"end":{"line":1446,"column":35}}],"line":1446},"127":{"loc":{"start":{"line":1454,"column":8},"end":{"line":1454,"column":82}},"type":"if","locations":[{"start":{"line":1454,"column":8},"end":{"line":1454,"column":82}},{"start":{},"end":{}}],"line":1454},"128":{"loc":{"start":{"line":1455,"column":8},"end":{"line":1457,"column":9}},"type":"if","locations":[{"start":{"line":1455,"column":8},"end":{"line":1457,"column":9}},{"start":{},"end":{}}],"line":1455},"129":{"loc":{"start":{"line":1477,"column":8},"end":{"line":1477,"column":82}},"type":"if","locations":[{"start":{"line":1477,"column":8},"end":{"line":1477,"column":82}},{"start":{},"end":{}}],"line":1477},"130":{"loc":{"start":{"line":1482,"column":8},"end":{"line":1482,"column":102}},"type":"if","locations":[{"start":{"line":1482,"column":8},"end":{"line":1482,"column":102}},{"start":{},"end":{}}],"line":1482},"131":{"loc":{"start":{"line":1499,"column":0},"end":{"line":1505,"column":1}},"type":"if","locations":[{"start":{"line":1499,"column":0},"end":{"line":1505,"column":1}},{"start":{},"end":{}}],"line":1499},"132":{"loc":{"start":{"line":1500,"column":17},"end":{"line":1500,"column":41}},"type":"binary-expr","locations":[{"start":{"line":1500,"column":17},"end":{"line":1500,"column":33}},{"start":{"line":1500,"column":37},"end":{"line":1500,"column":41}}],"line":1500}},"s":{"0":1,"1":1,"2":1,"3":1,"4":1,"5":1,"6":1,"7":1,"8":1,"9":1,"10":1,"11":1,"12":0,"13":1,"14":1,"15":1,"16":1,"17":1,"18":1,"19":1,"20":1,"21":2,"22":2,"23":1,"24":1,"25":1,"26":2,"27":2,"28":1,"29":1,"30":0,"31":0,"32":0,"33":0,"34":0,"35":0,"36":1,"37":0,"38":1,"39":1,"40":1,"41":0,"42":0,"43":0,"44":0,"45":2,"46":2,"47":2,"48":0,"49":0,"50":2,"51":2,"52":2,"53":0,"54":2,"55":2,"56":2,"57":2,"58":2,"59":0,"60":0,"61":1,"62":2,"63":2,"64":2,"65":1,"66":1,"67":1,"68":1,"69":1,"70":1,"71":1,"72":1,"73":2,"74":2,"75":2,"76":1,"77":1,"78":1,"79":1,"80":1,"81":1,"82":1,"83":1,"84":1,"85":1,"86":4,"87":4,"88":1,"89":3,"90":3,"91":3,"92":1,"93":2,"94":2,"95":1,"96":1,"97":1,"98":1,"99":1,"100":0,"101":0,"102":1,"103":1,"104":1,"105":0,"106":1,"107":1,"108":1,"109":0,"110":1,"111":0,"112":1,"113":1,"114":1,"115":1,"116":0,"117":1,"118":1,"119":0,"120":1,"121":0,"122":0,"123":1,"124":1,"125":1,"126":1,"127":1,"128":0,"129":0,"130":1,"131":3,"132":3,"133":3,"134":3,"135":1,"136":2,"137":2,"138":2,"139":1,"140":1,"141":1,"142":1,"143":1,"144":1,"145":1,"146":2,"147":2,"148":2,"149":0,"150":2,"151":2,"152":2,"153":2,"154":2,"155":2,"156":2,"157":0,"158":0,"159":0,"160":0,"161":2,"162":2,"163":1,"164":1,"165":2,"166":2,"167":0,"168":2,"169":2,"170":2,"171":2,"172":2,"173":2,"174":0,"175":0,"176":1,"177":2,"178":2,"179":2,"180":1,"181":1,"182":1,"183":1,"184":1,"185":1,"186":0,"187":1,"188":1,"189":1,"190":1,"191":0,"192":1,"193":0,"194":1,"195":1,"196":0,"197":0,"198":0,"199":1,"200":1,"201":1,"202":0,"203":1,"204":1,"205":0,"206":1,"207":1,"208":1,"209":1,"210":0,"211":1,"212":1,"213":0,"214":1,"215":0,"216":0,"217":1,"218":1,"219":1,"220":1,"221":1,"222":0,"223":1,"224":1,"225":0,"226":0,"227":0,"228":1,"229":1,"230":1,"231":1,"232":0,"233":0,"234":1,"235":1,"236":1,"237":1,"238":1,"239":1,"240":0,"241":1,"242":0,"243":1,"244":1,"245":0,"246":0,"247":1,"248":1,"249":1,"250":0,"251":1,"252":1,"253":1,"254":1,"255":0,"256":1,"257":1,"258":0,"259":1,"260":1,"261":0,"262":1,"263":0,"264":1,"265":0,"266":1,"267":1,"268":0,"269":1,"270":1,"271":1,"272":0,"273":0,"274":1,"275":1,"276":1,"277":1,"278":1,"279":0,"280":0,"281":1,"282":0,"283":0,"284":0,"285":0,"286":0,"287":0,"288":0,"289":0,"290":0,"291":0,"292":0,"293":0,"294":0,"295":0,"296":0,"297":0,"298":0,"299":0,"300":0,"301":0,"302":0,"303":0,"304":1,"305":0,"306":0,"307":0,"308":0,"309":0,"310":0,"311":0,"312":0,"313":0,"314":0,"315":0,"316":0,"317":0,"318":0,"319":0,"320":1,"321":1,"322":1,"323":1,"324":1,"325":1,"326":0,"327":0,"328":1,"329":0,"330":0,"331":0,"332":0,"333":0,"334":0,"335":0,"336":0,"337":0,"338":0,"339":1,"340":3,"341":3,"342":3,"343":3,"344":3,"345":1,"346":2,"347":2,"348":1,"349":1,"350":1,"351":1,"352":1,"353":2,"354":4,"355":2,"356":2,"357":2,"358":2,"359":2,"360":2,"361":2,"362":2,"363":2,"364":2,"365":1,"366":1,"367":0,"368":2,"369":1,"370":1,"371":2,"372":1,"373":1,"374":0,"375":0,"376":1,"377":3,"378":3,"379":3,"380":3,"381":1,"382":2,"383":2,"384":1,"385":1,"386":1,"387":1,"388":1,"389":1,"390":1,"391":1,"392":1,"393":1,"394":1,"395":1,"396":1,"397":1,"398":1,"399":1,"400":3,"401":3,"402":3,"403":1,"404":3,"405":3,"406":0,"407":3,"408":3,"409":1,"410":1,"411":1,"412":0,"413":0,"414":1,"415":2,"416":2,"417":2,"418":1,"419":1,"420":1,"421":1,"422":0,"423":1,"424":1,"425":0,"426":1,"427":0,"428":1,"429":1,"430":0,"431":0,"432":1,"433":2,"434":2,"435":2,"436":1,"437":1,"438":1,"439":1,"440":0,"441":1,"442":1,"443":0,"444":1,"445":1,"446":0,"447":0,"448":1,"449":4,"450":4,"451":4,"452":4,"453":4,"454":4,"455":1,"456":3,"457":3,"458":1,"459":2,"460":1,"461":1,"462":1,"463":0,"464":0,"465":1,"466":4,"467":4,"468":4,"469":4,"470":4,"471":1,"472":3,"473":3,"474":1,"475":2,"476":1,"477":1,"478":1,"479":1,"480":4,"481":4,"482":4,"483":4,"484":1,"485":3,"486":2,"487":1,"488":1,"489":1,"490":1,"491":1,"492":3,"493":1,"494":1,"495":2,"496":1,"497":1,"498":3,"499":1,"500":3,"501":1,"502":3,"503":1,"504":2,"505":2,"506":1,"507":1,"508":1,"509":4,"510":4,"511":4,"512":4,"513":1,"514":3,"515":2,"516":1,"517":1,"518":1,"519":1,"520":3,"521":3,"522":3,"523":2,"524":3,"525":3,"526":2,"527":1,"528":1,"529":0,"530":0,"531":0,"532":1,"533":1,"534":1,"535":1,"536":1,"537":4,"538":4,"539":4,"540":4,"541":1,"542":3,"543":2,"544":1,"545":1,"546":1,"547":1,"548":2,"549":8,"550":2,"551":4,"552":2,"553":4,"554":2,"555":4,"556":2,"557":2,"558":2,"559":2,"560":2,"561":1,"562":1,"563":0,"564":2,"565":1,"566":1,"567":1,"568":2,"569":2,"570":2,"571":1,"572":1,"573":1,"574":4,"575":4,"576":4,"577":4,"578":1,"579":3,"580":2,"581":1,"582":1,"583":1,"584":2,"585":1,"586":2,"587":1,"588":2,"589":1,"590":1,"591":2,"592":1,"593":1,"594":1,"595":1,"596":1,"597":1,"598":24,"599":1,"600":24,"601":1,"602":1,"603":1,"604":1,"605":1,"606":1,"607":1,"608":1,"609":1,"610":1,"611":1,"612":1,"613":0,"614":5,"615":5,"616":5,"617":5,"618":5,"619":5,"620":7,"621":7,"622":0,"623":0,"624":0,"625":0,"626":0,"627":1,"628":5,"629":5,"630":5,"631":5,"632":1,"633":4,"634":0,"635":4,"636":3,"637":1,"638":2,"639":2,"640":2,"641":3,"642":9,"643":3,"644":5,"645":3,"646":5,"647":3,"648":5,"649":3,"650":3,"651":3,"652":3,"653":3,"654":3,"655":3,"656":3,"657":3,"658":2,"659":1,"660":2,"661":3,"662":2,"663":2,"664":1,"665":1,"666":1,"667":4,"668":4,"669":4,"670":4,"671":4,"672":1,"673":3,"674":0,"675":3,"676":2,"677":8,"678":2,"679":8,"680":2,"681":8,"682":2,"683":2,"684":2,"685":2,"686":2,"687":2,"688":2,"689":2,"690":2,"691":1,"692":1,"693":1,"694":5,"695":5,"696":5,"697":5,"698":1,"699":4,"700":4,"701":4,"702":1,"703":3,"704":3,"705":1,"706":2,"707":1,"708":1,"709":1,"710":1,"711":5,"712":5,"713":5,"714":5,"715":1,"716":4,"717":4,"718":4,"719":1,"720":3,"721":1,"722":2,"723":1,"724":1,"725":1,"726":1,"727":4,"728":4,"729":4,"730":4,"731":1,"732":3,"733":3,"734":1,"735":2,"736":1,"737":1,"738":1,"739":1,"740":1,"741":1,"742":0,"743":0,"744":0,"745":0,"746":1},"f":{"0":0,"1":1,"2":1,"3":1,"4":2,"5":2,"6":0,"7":1,"8":2,"9":2,"10":1,"11":2,"12":1,"13":1,"14":4,"15":1,"16":1,"17":3,"18":0,"19":2,"20":2,"21":2,"22":2,"23":2,"24":2,"25":1,"26":1,"27":1,"28":1,"29":1,"30":0,"31":0,"32":1,"33":0,"34":3,"35":2,"36":4,"37":2,"38":2,"39":2,"40":2,"41":3,"42":1,"43":2,"44":2,"45":4,"46":4,"47":4,"48":3,"49":1,"50":2,"51":1,"52":3,"53":3,"54":3,"55":2,"56":2,"57":4,"58":3,"59":4,"60":2,"61":8,"62":4,"63":4,"64":4,"65":1,"66":2,"67":2,"68":2,"69":4,"70":2,"71":2,"72":2,"73":1,"74":2,"75":1,"76":24,"77":24,"78":1,"79":0,"80":5,"81":7,"82":5,"83":3,"84":9,"85":5,"86":5,"87":5,"88":1,"89":3,"90":4,"91":8,"92":8,"93":8,"94":5,"95":5,"96":4,"97":1,"98":0},"b":{"0":[1,0],"1":[0,0],"2":[0,0],"3":[0,1],"4":[1,0],"5":[1,1],"6":[0,0],"7":[0,2],"8":[0,2],"9":[2,0],"10":[1,3],"11":[4,4],"12":[1,2],"13":[1,1],"14":[0,1],"15":[1,1,1,1,1],"16":[0,1],"17":[0,1],"18":[1,0],"19":[0,1],"20":[1,2],"21":[1,1],"22":[0,2],"23":[1,1],"24":[0,2],"25":[2,0,2,2],"26":[0,1],"27":[1,1,1,1],"28":[0,1],"29":[0,1],"30":[0,1],"31":[0,1],"32":[0,1],"33":[1,0],"34":[0,1],"35":[0,1],"36":[0,1],"37":[0,1],"38":[0,1],"39":[0,1],"40":[0,1],"41":[1,0],"42":[0,1],"43":[1,1],"44":[0,1],"45":[0,1],"46":[0,1],"47":[0,1],"48":[0,1],"49":[0,1],"50":[1,1],"51":[0,0],"52":[0,0,0,0],"53":[0,0],"54":[0,0],"55":[0,0],"56":[0,0],"57":[0,0],"58":[0,0],"59":[0,0],"60":[0,0],"61":[0,0],"62":[0,0],"63":[1,2],"64":[3,3],"65":[1,1],"66":[1,0,0],"67":[2,0],"68":[1,1],"69":[0,1],"70":[1,1],"71":[1,1],"72":[1,2],"73":[1,1],"74":[1,0],"75":[1,2],"76":[0,3],"77":[1,1],"78":[0,1],"79":[0,1],"80":[0,1],"81":[1,1],"82":[0,1],"83":[0,1],"84":[1,3],"85":[1,2],"86":[1,1],"87":[1,3],"88":[1,2],"89":[1,3],"90":[4,4],"91":[1,1],"92":[1,3],"93":[4,4],"94":[1,1],"95":[2,1],"96":[2,1],"97":[1,0],"98":[0,0],"99":[1,3],"100":[4,4],"101":[1,1],"102":[2,0],"103":[1,1],"104":[0,1],"105":[1,3],"106":[4,4],"107":[1,1],"108":[2,0],"109":[5,0],"110":[2,3],"111":[7,0],"112":[0,0],"113":[0,0],"114":[1,4],"115":[5,5],"116":[0,4],"117":[1,2],"118":[2,0],"119":[1,3],"120":[0,3],"121":[1,4],"122":[5,4],"123":[1,3],"124":[1,2],"125":[1,4],"126":[5,4],"127":[1,3],"128":[1,2],"129":[1,3],"130":[1,2],"131":[0,1],"132":[0,0]},"_coverageSchema":"1a1c01bbd47fc00a2c39e90264f33305004495a9","hash":"71342f478e46f89d616e67acee74dac09f8f4384"}
,"C:\\Users\\User\\stokvel-management\\backend\\src\\middleware\\auth.js": {"path":"C:\\Users\\User\\stokvel-management\\backend\\src\\middleware\\auth.js","statementMap":{"0":{"start":{"line":1,"column":0},"end":{"line":1,"column":27}},"1":{"start":{"line":2,"column":17},"end":{"line":2,"column":53}},"2":{"start":{"line":3,"column":25},"end":{"line":3,"column":50}},"3":{"start":{"line":5,"column":15},"end":{"line":5,"column":33}},"4":{"start":{"line":7,"column":20},"end":{"line":10,"column":2}},"5":{"start":{"line":42,"column":2},"end":{"line":72,"column":5}},"6":{"start":{"line":43,"column":4},"end":{"line":43,"column":30}},"7":{"start":{"line":43,"column":13},"end":{"line":43,"column":30}},"8":{"start":{"line":45,"column":20},"end":{"line":45,"column":36}},"9":{"start":{"line":48,"column":23},"end":{"line":48,"column":49}},"10":{"start":{"line":49,"column":24},"end":{"line":49,"column":51}},"11":{"start":{"line":51,"column":4},"end":{"line":71,"column":5}},"12":{"start":{"line":52,"column":19},"end":{"line":64,"column":8}},"13":{"start":{"line":66,"column":6},"end":{"line":66,"column":22}},"14":{"start":{"line":67,"column":6},"end":{"line":67,"column":13}},"15":{"start":{"line":69,"column":6},"end":{"line":69,"column":46}},"16":{"start":{"line":70,"column":6},"end":{"line":70,"column":56}},"17":{"start":{"line":75,"column":0},"end":{"line":75,"column":33}}},"fnMap":{"0":{"name":"requireAuth","decl":{"start":{"line":41,"column":9},"end":{"line":41,"column":20}},"loc":{"start":{"line":41,"column":37},"end":{"line":73,"column":1}},"line":41},"1":{"name":"(anonymous_1)","decl":{"start":{"line":42,"column":24},"end":{"line":42,"column":25}},"loc":{"start":{"line":42,"column":39},"end":{"line":72,"column":3}},"line":42}},"branchMap":{"0":{"loc":{"start":{"line":43,"column":4},"end":{"line":43,"column":30}},"type":"if","locations":[{"start":{"line":43,"column":4},"end":{"line":43,"column":30}},{"start":{},"end":{}}],"line":43},"1":{"loc":{"start":{"line":56,"column":18},"end":{"line":56,"column":41}},"type":"binary-expr","locations":[{"start":{"line":56,"column":18},"end":{"line":56,"column":28}},{"start":{"line":56,"column":32},"end":{"line":56,"column":41}}],"line":56},"2":{"loc":{"start":{"line":57,"column":19},"end":{"line":57,"column":43}},"type":"binary-expr","locations":[{"start":{"line":57,"column":19},"end":{"line":57,"column":30}},{"start":{"line":57,"column":34},"end":{"line":57,"column":43}}],"line":57},"3":{"loc":{"start":{"line":61,"column":22},"end":{"line":61,"column":59}},"type":"binary-expr","locations":[{"start":{"line":61,"column":22},"end":{"line":61,"column":33}},{"start":{"line":61,"column":37},"end":{"line":61,"column":59}}],"line":61},"4":{"loc":{"start":{"line":62,"column":22},"end":{"line":62,"column":51}},"type":"binary-expr","locations":[{"start":{"line":62,"column":22},"end":{"line":62,"column":32}},{"start":{"line":62,"column":37},"end":{"line":62,"column":51}}],"line":62}},"s":{"0":1,"1":1,"2":1,"3":1,"4":1,"5":10,"6":10,"7":1,"8":9,"9":9,"10":9,"11":9,"12":9,"13":7,"14":7,"15":2,"16":2,"17":1},"f":{"0":10,"1":10},"b":{"0":[1,9],"1":[9,4],"2":[9,4],"3":[9,3],"4":[9,3]},"_coverageSchema":"1a1c01bbd47fc00a2c39e90264f33305004495a9","hash":"b9ba1f0f12c01e9f6988f71af4089be780a99ab9"}
}
