TN:
SF:backend\server.js
FN:27,generateUniqueToken
FN:31,(anonymous_1)
FN:40,(anonymous_2)
FN:56,(anonymous_3)
FN:60,(anonymous_4)
FN:69,(anonymous_5)
FN:78,calculateDueDate
FN:88,ensureGroupHasAdmin
FN:121,createContributionForNewMember
FN:152,(anonymous_9)
FN:155,(anonymous_10)
FN:176,(anonymous_11)
FN:183,(anonymous_12)
FN:189,(anonymous_13)
FN:209,(anonymous_14)
FN:239,(anonymous_15)
FN:279,(anonymous_16)
FN:293,(anonymous_17)
FN:316,(anonymous_18)
FN:318,(anonymous_19)
FN:338,(anonymous_20)
FN:339,(anonymous_21)
FN:340,(anonymous_22)
FN:341,(anonymous_23)
FN:350,(anonymous_24)
FN:365,(anonymous_25)
FN:408,(anonymous_26)
FN:435,(anonymous_27)
FN:453,(anonymous_28)
FN:574,(anonymous_29)
FN:588,(anonymous_30)
FN:615,(anonymous_31)
FN:634,(anonymous_32)
FN:651,(anonymous_33)
FN:673,(anonymous_34)
FN:697,(anonymous_35)
FN:698,(anonymous_36)
FN:699,(anonymous_37)
FN:700,(anonymous_38)
FN:701,(anonymous_39)
FN:710,(anonymous_40)
FN:719,(anonymous_41)
FN:739,(anonymous_42)
FN:777,(anonymous_43)
FN:810,(anonymous_44)
FN:846,(anonymous_45)
FN:876,(anonymous_46)
FN:912,(anonymous_47)
FN:941,(anonymous_48)
FN:942,(anonymous_49)
FN:945,(anonymous_50)
FN:946,(anonymous_51)
FN:948,(anonymous_52)
FN:949,(anonymous_53)
FN:950,(anonymous_54)
FN:963,(anonymous_55)
FN:964,(anonymous_56)
FN:975,(anonymous_57)
FN:998,(anonymous_58)
FN:1027,(anonymous_59)
FN:1052,(anonymous_60)
FN:1053,(anonymous_61)
FN:1054,(anonymous_62)
FN:1055,(anonymous_63)
FN:1056,(anonymous_64)
FN:1079,(anonymous_65)
FN:1086,(anonymous_66)
FN:1087,(anonymous_67)
FN:1088,(anonymous_68)
FN:1099,(anonymous_69)
FN:1123,(anonymous_70)
FN:1124,(anonymous_71)
FN:1126,(anonymous_72)
FN:1127,(anonymous_73)
FN:1133,(anonymous_74)
FN:1163,trainHealthModel
FN:1202,(anonymous_76)
FN:1203,(anonymous_77)
FN:1231,(anonymous_78)
FN:1233,(anonymous_79)
FN:1238,extractFeatures
FN:1248,scoreToLabel
FN:1257,(anonymous_82)
FN:1290,(anonymous_83)
FN:1291,(anonymous_84)
FN:1292,(anonymous_85)
FN:1293,(anonymous_86)
FN:1294,(anonymous_87)
FN:1320,(anonymous_88)
FN:1324,(anonymous_89)
FN:1352,(anonymous_90)
FN:1372,(anonymous_91)
FN:1373,(anonymous_92)
FN:1374,(anonymous_93)
FN:1406,(anonymous_94)
FN:1441,(anonymous_95)
FN:1470,(anonymous_96)
FN:1495,(anonymous_97)
FN:1501,(anonymous_98)
FNF:99
FNH:91
FNDA:0,generateUniqueToken
FNDA:1,(anonymous_1)
FNDA:1,(anonymous_2)
FNDA:1,(anonymous_3)
FNDA:2,(anonymous_4)
FNDA:2,(anonymous_5)
FNDA:0,calculateDueDate
FNDA:1,ensureGroupHasAdmin
FNDA:2,createContributionForNewMember
FNDA:2,(anonymous_9)
FNDA:1,(anonymous_10)
FNDA:2,(anonymous_11)
FNDA:1,(anonymous_12)
FNDA:1,(anonymous_13)
FNDA:4,(anonymous_14)
FNDA:1,(anonymous_15)
FNDA:1,(anonymous_16)
FNDA:3,(anonymous_17)
FNDA:0,(anonymous_18)
FNDA:2,(anonymous_19)
FNDA:2,(anonymous_20)
FNDA:2,(anonymous_21)
FNDA:2,(anonymous_22)
FNDA:2,(anonymous_23)
FNDA:2,(anonymous_24)
FNDA:1,(anonymous_25)
FNDA:1,(anonymous_26)
FNDA:1,(anonymous_27)
FNDA:1,(anonymous_28)
FNDA:1,(anonymous_29)
FNDA:0,(anonymous_30)
FNDA:0,(anonymous_31)
FNDA:1,(anonymous_32)
FNDA:0,(anonymous_33)
FNDA:3,(anonymous_34)
FNDA:2,(anonymous_35)
FNDA:4,(anonymous_36)
FNDA:2,(anonymous_37)
FNDA:2,(anonymous_38)
FNDA:2,(anonymous_39)
FNDA:2,(anonymous_40)
FNDA:3,(anonymous_41)
FNDA:1,(anonymous_42)
FNDA:2,(anonymous_43)
FNDA:2,(anonymous_44)
FNDA:4,(anonymous_45)
FNDA:4,(anonymous_46)
FNDA:4,(anonymous_47)
FNDA:3,(anonymous_48)
FNDA:1,(anonymous_49)
FNDA:2,(anonymous_50)
FNDA:1,(anonymous_51)
FNDA:3,(anonymous_52)
FNDA:3,(anonymous_53)
FNDA:3,(anonymous_54)
FNDA:2,(anonymous_55)
FNDA:2,(anonymous_56)
FNDA:4,(anonymous_57)
FNDA:3,(anonymous_58)
FNDA:4,(anonymous_59)
FNDA:2,(anonymous_60)
FNDA:8,(anonymous_61)
FNDA:4,(anonymous_62)
FNDA:4,(anonymous_63)
FNDA:4,(anonymous_64)
FNDA:1,(anonymous_65)
FNDA:2,(anonymous_66)
FNDA:2,(anonymous_67)
FNDA:2,(anonymous_68)
FNDA:4,(anonymous_69)
FNDA:2,(anonymous_70)
FNDA:2,(anonymous_71)
FNDA:2,(anonymous_72)
FNDA:1,(anonymous_73)
FNDA:2,(anonymous_74)
FNDA:1,trainHealthModel
FNDA:24,(anonymous_76)
FNDA:24,(anonymous_77)
FNDA:1,(anonymous_78)
FNDA:0,(anonymous_79)
FNDA:5,extractFeatures
FNDA:7,scoreToLabel
FNDA:5,(anonymous_82)
FNDA:3,(anonymous_83)
FNDA:9,(anonymous_84)
FNDA:5,(anonymous_85)
FNDA:5,(anonymous_86)
FNDA:5,(anonymous_87)
FNDA:1,(anonymous_88)
FNDA:3,(anonymous_89)
FNDA:4,(anonymous_90)
FNDA:8,(anonymous_91)
FNDA:8,(anonymous_92)
FNDA:8,(anonymous_93)
FNDA:5,(anonymous_94)
FNDA:5,(anonymous_95)
FNDA:4,(anonymous_96)
FNDA:1,(anonymous_97)
FNDA:0,(anonymous_98)
DA:1,1
DA:2,1
DA:4,1
DA:9,1
DA:10,1
DA:11,1
DA:12,1
DA:13,1
DA:15,1
DA:23,1
DA:24,1
DA:25,1
DA:28,0
DA:31,1
DA:32,1
DA:40,1
DA:41,1
DA:54,1
DA:56,1
DA:57,1
DA:60,1
DA:61,2
DA:62,2
DA:63,1
DA:65,1
DA:69,1
DA:70,2
DA:71,2
DA:72,1
DA:74,1
DA:79,0
DA:80,0
DA:81,0
DA:82,0
DA:83,0
DA:85,0
DA:91,1
DA:93,1
DA:101,1
DA:102,1
DA:106,0
DA:114,0
DA:115,0
DA:118,0
DA:122,2
DA:123,2
DA:127,2
DA:129,2
DA:130,2
DA:131,2
DA:132,0
DA:133,2
DA:134,2
DA:137,2
DA:144,2
DA:145,2
DA:147,0
DA:148,0
DA:152,1
DA:153,2
DA:154,2
DA:155,2
DA:156,1
DA:163,1
DA:166,1
DA:167,1
DA:169,1
DA:171,1
DA:172,1
DA:176,1
DA:177,2
DA:178,2
DA:179,2
DA:183,1
DA:184,1
DA:185,1
DA:189,1
DA:193,1
DA:202,1
DA:204,1
DA:205,1
DA:209,1
DA:210,4
DA:211,4
DA:212,1
DA:214,3
DA:215,3
DA:216,3
DA:218,2
DA:221,2
DA:223,1
DA:226,1
DA:228,1
DA:229,1
DA:234,0
DA:235,0
DA:239,1
DA:240,1
DA:241,1
DA:242,0
DA:244,1
DA:245,1
DA:246,1
DA:247,1
DA:248,0
DA:250,1
DA:254,1
DA:255,1
DA:256,1
DA:257,1
DA:258,1
DA:267,0
DA:272,1
DA:274,0
DA:275,0
DA:279,1
DA:280,1
DA:281,1
DA:282,1
DA:286,1
DA:288,0
DA:289,0
DA:293,1
DA:294,3
DA:295,3
DA:296,3
DA:297,3
DA:299,2
DA:304,2
DA:306,2
DA:307,1
DA:308,1
DA:310,1
DA:311,1
DA:314,2
DA:315,2
DA:316,2
DA:318,2
DA:319,2
DA:320,2
DA:321,2
DA:322,0
DA:323,0
DA:325,2
DA:326,2
DA:327,1
DA:328,2
DA:330,2
DA:331,2
DA:334,2
DA:338,2
DA:339,2
DA:340,2
DA:341,2
DA:345,0
DA:346,0
DA:350,1
DA:351,2
DA:352,2
DA:353,2
DA:358,1
DA:360,1
DA:361,1
DA:365,1
DA:366,1
DA:367,1
DA:368,0
DA:370,1
DA:371,1
DA:372,1
DA:373,1
DA:374,1
DA:375,0
DA:378,1
DA:380,1
DA:381,0
DA:382,1
DA:384,1
DA:385,1
DA:387,1
DA:388,1
DA:390,1
DA:391,1
DA:392,1
DA:393,1
DA:394,1
DA:395,1
DA:399,0
DA:401,1
DA:403,0
DA:404,0
DA:408,1
DA:409,1
DA:410,1
DA:411,1
DA:412,1
DA:414,1
DA:416,1
DA:417,0
DA:418,1
DA:420,1
DA:421,1
DA:423,1
DA:430,0
DA:431,0
DA:435,1
DA:436,1
DA:437,1
DA:438,1
DA:439,1
DA:440,1
DA:441,1
DA:442,1
DA:446,1
DA:448,0
DA:449,0
DA:453,1
DA:454,1
DA:456,1
DA:457,0
DA:463,1
DA:464,1
DA:467,1
DA:470,1
DA:471,0
DA:477,1
DA:481,1
DA:482,0
DA:488,1
DA:498,1
DA:499,0
DA:505,1
DA:506,0
DA:512,1
DA:513,0
DA:518,1
DA:524,1
DA:525,0
DA:530,1
DA:541,1
DA:550,1
DA:563,0
DA:565,0
DA:574,1
DA:575,1
DA:576,1
DA:577,1
DA:581,1
DA:583,0
DA:584,0
DA:588,1
DA:589,0
DA:590,0
DA:591,0
DA:592,0
DA:594,0
DA:595,0
DA:596,0
DA:597,0
DA:598,0
DA:599,0
DA:600,0
DA:601,0
DA:602,0
DA:603,0
DA:604,0
DA:608,0
DA:610,0
DA:611,0
DA:615,1
DA:616,0
DA:617,0
DA:618,0
DA:619,0
DA:620,0
DA:622,0
DA:623,0
DA:624,0
DA:625,0
DA:626,0
DA:627,0
DA:629,0
DA:630,0
DA:634,1
DA:635,1
DA:636,1
DA:637,1
DA:638,1
DA:644,1
DA:646,0
DA:647,0
DA:651,1
DA:652,0
DA:653,0
DA:654,0
DA:655,0
DA:658,0
DA:659,0
DA:661,0
DA:666,0
DA:668,0
DA:669,0
DA:673,1
DA:674,3
DA:675,3
DA:676,3
DA:677,3
DA:680,3
DA:681,1
DA:683,2
DA:687,2
DA:688,1
DA:692,1
DA:696,1
DA:697,1
DA:698,4
DA:699,2
DA:700,2
DA:701,2
DA:702,2
DA:703,2
DA:704,2
DA:705,2
DA:706,1
DA:707,2
DA:709,1
DA:710,2
DA:711,1
DA:712,1
DA:714,0
DA:715,0
DA:719,1
DA:720,3
DA:721,3
DA:722,3
DA:725,3
DA:726,2
DA:730,2
DA:731,1
DA:736,1
DA:737,1
DA:738,1
DA:739,1
DA:740,1
DA:741,1
DA:745,1
DA:749,1
DA:750,1
DA:751,1
DA:752,1
DA:753,1
DA:754,3
DA:755,3
DA:756,3
DA:757,3
DA:758,3
DA:759,3
DA:760,3
DA:762,1
DA:763,1
DA:764,1
DA:766,0
DA:767,0
DA:777,1
DA:778,2
DA:779,2
DA:781,2
DA:782,1
DA:785,1
DA:786,1
DA:789,1
DA:791,1
DA:795,1
DA:796,1
DA:798,1
DA:802,1
DA:804,0
DA:805,0
DA:810,1
DA:811,2
DA:812,2
DA:814,2
DA:815,1
DA:818,1
DA:819,1
DA:822,1
DA:824,1
DA:828,1
DA:830,1
DA:838,1
DA:840,0
DA:841,0
DA:846,1
DA:847,4
DA:848,4
DA:849,4
DA:851,4
DA:852,4
DA:855,4
DA:857,3
DA:861,3
DA:862,2
DA:864,1
DA:868,1
DA:870,0
DA:871,0
DA:876,1
DA:877,4
DA:878,4
DA:880,4
DA:881,4
DA:885,4
DA:887,3
DA:891,3
DA:893,2
DA:901,1
DA:903,1
DA:904,1
DA:912,1
DA:913,4
DA:914,4
DA:915,4
DA:918,4
DA:919,1
DA:922,3
DA:926,2
DA:928,1
DA:932,1
DA:936,1
DA:940,1
DA:941,3
DA:942,1
DA:944,1
DA:945,2
DA:946,1
DA:948,3
DA:949,3
DA:950,3
DA:952,1
DA:963,2
DA:964,2
DA:968,1
DA:969,1
DA:975,1
DA:976,4
DA:977,4
DA:978,4
DA:981,4
DA:982,1
DA:985,3
DA:989,2
DA:991,1
DA:997,1
DA:998,1
DA:999,3
DA:1000,3
DA:1001,3
DA:1002,2
DA:1004,3
DA:1005,3
DA:1006,1
DA:1007,0
DA:1008,0
DA:1011,1
DA:1013,1
DA:1020,1
DA:1021,1
DA:1027,1
DA:1028,4
DA:1029,4
DA:1030,4
DA:1033,4
DA:1034,1
DA:1037,3
DA:1041,2
DA:1043,1
DA:1048,1
DA:1052,1
DA:1053,8
DA:1054,4
DA:1055,4
DA:1056,4
DA:1057,2
DA:1058,2
DA:1059,2
DA:1061,2
DA:1062,2
DA:1063,1
DA:1065,2
DA:1079,1
DA:1081,1
DA:1086,2
DA:1087,2
DA:1088,2
DA:1092,1
DA:1093,1
DA:1099,1
DA:1100,4
DA:1101,4
DA:1102,4
DA:1105,4
DA:1106,1
DA:1109,3
DA:1113,2
DA:1115,1
DA:1123,2
DA:1124,2
DA:1125,1
DA:1126,2
DA:1127,1
DA:1129,1
DA:1133,2
DA:1150,1
DA:1151,1
DA:1156,1
DA:1158,1
DA:1164,1
DA:1202,24
DA:1203,24
DA:1206,1
DA:1207,1
DA:1208,1
DA:1209,1
DA:1211,1
DA:1217,1
DA:1223,1
DA:1224,1
DA:1226,1
DA:1227,1
DA:1231,1
DA:1232,1
DA:1234,0
DA:1239,5
DA:1240,5
DA:1241,5
DA:1242,5
DA:1243,5
DA:1244,5
DA:1249,7
DA:1250,0
DA:1251,0
DA:1252,0
DA:1257,1
DA:1258,5
DA:1260,5
DA:1262,5
DA:1265,5
DA:1266,1
DA:1270,4
DA:1271,0
DA:1274,4
DA:1278,3
DA:1280,2
DA:1285,2
DA:1290,2
DA:1291,9
DA:1292,5
DA:1293,5
DA:1294,5
DA:1296,3
DA:1297,3
DA:1298,3
DA:1299,3
DA:1300,3
DA:1302,3
DA:1303,3
DA:1305,3
DA:1307,3
DA:1320,2
DA:1323,2
DA:1324,3
DA:1327,2
DA:1329,2
DA:1345,1
DA:1346,1
DA:1352,1
DA:1353,4
DA:1354,4
DA:1356,4
DA:1357,4
DA:1360,4
DA:1361,1
DA:1364,3
DA:1365,0
DA:1368,3
DA:1372,8
DA:1373,8
DA:1374,8
DA:1376,2
DA:1377,2
DA:1378,2
DA:1379,2
DA:1380,2
DA:1382,2
DA:1383,2
DA:1385,2
DA:1387,2
DA:1401,1
DA:1402,1
DA:1406,1
DA:1407,5
DA:1408,5
DA:1409,5
DA:1411,5
DA:1412,1
DA:1415,4
DA:1416,4
DA:1419,4
DA:1421,3
DA:1424,3
DA:1426,2
DA:1434,1
DA:1436,1
DA:1437,1
DA:1441,1
DA:1442,5
DA:1443,5
DA:1444,5
DA:1446,5
DA:1447,1
DA:1450,4
DA:1451,4
DA:1454,4
DA:1455,3
DA:1456,1
DA:1459,2
DA:1463,1
DA:1465,1
DA:1466,1
DA:1470,1
DA:1471,4
DA:1473,4
DA:1474,4
DA:1477,4
DA:1479,3
DA:1482,3
DA:1484,2
DA:1489,1
DA:1491,1
DA:1492,1
DA:1495,1
DA:1496,1
DA:1499,1
DA:1500,0
DA:1501,0
DA:1502,0
DA:1503,0
DA:1507,1
LF:648
LH:534
BRDA:47,0,0,1
BRDA:47,0,1,0
BRDA:80,1,0,0
BRDA:80,1,1,0
BRDA:82,2,0,0
BRDA:82,2,1,0
BRDA:91,3,0,0
BRDA:91,3,1,1
BRDA:101,4,0,1
BRDA:101,4,1,0
BRDA:101,5,0,1
BRDA:101,5,1,1
BRDA:114,6,0,0
BRDA:114,6,1,0
BRDA:127,7,0,0
BRDA:127,7,1,2
BRDA:131,8,0,0
BRDA:131,8,1,2
BRDA:133,9,0,2
BRDA:133,9,1,0
BRDA:211,10,0,1
BRDA:211,10,1,3
BRDA:211,11,0,4
BRDA:211,11,1,4
BRDA:216,12,0,1
BRDA:216,12,1,2
BRDA:221,13,0,1
BRDA:221,13,1,1
BRDA:241,14,0,0
BRDA:241,14,1,1
BRDA:241,15,0,1
BRDA:241,15,1,1
BRDA:241,15,2,1
BRDA:241,15,3,1
BRDA:241,15,4,1
BRDA:246,16,0,0
BRDA:246,16,1,1
BRDA:247,17,0,0
BRDA:247,17,1,1
BRDA:254,18,0,1
BRDA:254,18,1,0
BRDA:256,19,0,0
BRDA:256,19,1,1
BRDA:297,20,0,1
BRDA:297,20,1,2
BRDA:306,21,0,1
BRDA:306,21,1,1
BRDA:321,22,0,0
BRDA:321,22,1,2
BRDA:326,23,0,1
BRDA:326,23,1,1
BRDA:330,24,0,0
BRDA:330,24,1,2
BRDA:330,25,0,2
BRDA:330,25,1,0
BRDA:330,25,2,2
BRDA:330,25,3,2
BRDA:367,26,0,0
BRDA:367,26,1,1
BRDA:367,27,0,1
BRDA:367,27,1,1
BRDA:367,27,2,1
BRDA:367,27,3,1
BRDA:373,28,0,0
BRDA:373,28,1,1
BRDA:374,29,0,0
BRDA:374,29,1,1
BRDA:380,30,0,0
BRDA:380,30,1,1
BRDA:385,31,0,0
BRDA:385,31,1,1
BRDA:388,32,0,0
BRDA:388,32,1,1
BRDA:391,33,0,1
BRDA:391,33,1,0
BRDA:393,34,0,0
BRDA:393,34,1,1
BRDA:412,35,0,0
BRDA:412,35,1,1
BRDA:416,36,0,0
BRDA:416,36,1,1
BRDA:426,37,0,0
BRDA:426,37,1,1
BRDA:427,38,0,0
BRDA:427,38,1,1
BRDA:440,39,0,0
BRDA:440,39,1,1
BRDA:441,40,0,0
BRDA:441,40,1,1
BRDA:444,41,0,1
BRDA:444,41,1,0
BRDA:456,42,0,0
BRDA:456,42,1,1
BRDA:456,43,0,1
BRDA:456,43,1,1
BRDA:470,44,0,0
BRDA:470,44,1,1
BRDA:481,45,0,0
BRDA:481,45,1,1
BRDA:498,46,0,0
BRDA:498,46,1,1
BRDA:505,47,0,0
BRDA:505,47,1,1
BRDA:512,48,0,0
BRDA:512,48,1,1
BRDA:524,49,0,0
BRDA:524,49,1,1
BRDA:556,50,0,1
BRDA:556,50,1,1
BRDA:591,51,0,0
BRDA:591,51,1,0
BRDA:591,52,0,0
BRDA:591,52,1,0
BRDA:591,52,2,0
BRDA:591,52,3,0
BRDA:596,53,0,0
BRDA:596,53,1,0
BRDA:598,54,0,0
BRDA:598,54,1,0
BRDA:600,55,0,0
BRDA:600,55,1,0
BRDA:602,56,0,0
BRDA:602,56,1,0
BRDA:605,57,0,0
BRDA:605,57,1,0
BRDA:619,58,0,0
BRDA:619,58,1,0
BRDA:624,59,0,0
BRDA:624,59,1,0
BRDA:625,60,0,0
BRDA:625,60,1,0
BRDA:626,61,0,0
BRDA:626,61,1,0
BRDA:658,62,0,0
BRDA:658,62,1,0
BRDA:680,63,0,1
BRDA:680,63,1,2
BRDA:680,64,0,3
BRDA:680,64,1,3
BRDA:687,65,0,1
BRDA:687,65,1,1
BRDA:694,66,0,1
BRDA:694,66,1,0
BRDA:694,66,2,0
BRDA:702,67,0,2
BRDA:702,67,1,0
BRDA:705,68,0,1
BRDA:705,68,1,1
BRDA:706,69,0,0
BRDA:706,69,1,1
BRDA:712,70,0,1
BRDA:712,70,1,1
BRDA:712,71,0,1
BRDA:712,71,1,1
BRDA:725,72,0,1
BRDA:725,72,1,2
BRDA:730,73,0,1
BRDA:730,73,1,1
BRDA:740,74,0,1
BRDA:740,74,1,0
BRDA:756,75,0,1
BRDA:756,75,1,2
BRDA:758,76,0,0
BRDA:758,76,1,3
BRDA:781,77,0,1
BRDA:781,77,1,1
BRDA:789,78,0,0
BRDA:789,78,1,1
BRDA:795,79,0,0
BRDA:795,79,1,1
BRDA:796,80,0,0
BRDA:796,80,1,1
BRDA:814,81,0,1
BRDA:814,81,1,1
BRDA:822,82,0,0
BRDA:822,82,1,1
BRDA:828,83,0,0
BRDA:828,83,1,1
BRDA:855,84,0,1
BRDA:855,84,1,3
BRDA:861,85,0,1
BRDA:861,85,1,2
BRDA:862,86,0,1
BRDA:862,86,1,1
BRDA:885,87,0,1
BRDA:885,87,1,3
BRDA:891,88,0,1
BRDA:891,88,1,2
BRDA:918,89,0,1
BRDA:918,89,1,3
BRDA:918,90,0,4
BRDA:918,90,1,4
BRDA:926,91,0,1
BRDA:926,91,1,1
BRDA:981,92,0,1
BRDA:981,92,1,3
BRDA:981,93,0,4
BRDA:981,93,1,4
BRDA:989,94,0,1
BRDA:989,94,1,1
BRDA:1001,95,0,2
BRDA:1001,95,1,1
BRDA:1005,96,0,2
BRDA:1005,96,1,1
BRDA:1006,97,0,1
BRDA:1006,97,1,0
BRDA:1007,98,0,0
BRDA:1007,98,1,0
BRDA:1033,99,0,1
BRDA:1033,99,1,3
BRDA:1033,100,0,4
BRDA:1033,100,1,4
BRDA:1041,101,0,1
BRDA:1041,101,1,1
BRDA:1057,102,0,2
BRDA:1057,102,1,0
BRDA:1062,103,0,1
BRDA:1062,103,1,1
BRDA:1063,104,0,0
BRDA:1063,104,1,1
BRDA:1105,105,0,1
BRDA:1105,105,1,3
BRDA:1105,106,0,4
BRDA:1105,106,1,4
BRDA:1113,107,0,1
BRDA:1113,107,1,1
BRDA:1136,108,0,2
BRDA:1136,108,1,0
BRDA:1239,109,0,5
BRDA:1239,109,1,0
BRDA:1243,110,0,2
BRDA:1243,110,1,3
BRDA:1249,111,0,7
BRDA:1249,111,1,0
BRDA:1250,112,0,0
BRDA:1250,112,1,0
BRDA:1251,113,0,0
BRDA:1251,113,1,0
BRDA:1265,114,0,1
BRDA:1265,114,1,4
BRDA:1265,115,0,5
BRDA:1265,115,1,5
BRDA:1270,116,0,0
BRDA:1270,116,1,4
BRDA:1278,117,0,1
BRDA:1278,117,1,2
BRDA:1323,118,0,2
BRDA:1323,118,1,0
BRDA:1360,119,0,1
BRDA:1360,119,1,3
BRDA:1364,120,0,0
BRDA:1364,120,1,3
BRDA:1411,121,0,1
BRDA:1411,121,1,4
BRDA:1411,122,0,5
BRDA:1411,122,1,4
BRDA:1419,123,0,1
BRDA:1419,123,1,3
BRDA:1424,124,0,1
BRDA:1424,124,1,2
BRDA:1446,125,0,1
BRDA:1446,125,1,4
BRDA:1446,126,0,5
BRDA:1446,126,1,4
BRDA:1454,127,0,1
BRDA:1454,127,1,3
BRDA:1455,128,0,1
BRDA:1455,128,1,2
BRDA:1477,129,0,1
BRDA:1477,129,1,3
BRDA:1482,130,0,1
BRDA:1482,130,1,2
BRDA:1499,131,0,0
BRDA:1499,131,1,1
BRDA:1500,132,0,0
BRDA:1500,132,1,0
BRF:276
BRH:179
end_of_record
TN:
SF:backend\src\middleware\auth.js
FN:41,requireAuth
FN:42,(anonymous_1)
FNF:2
FNH:2
FNDA:10,requireAuth
FNDA:10,(anonymous_1)
DA:1,1
DA:2,1
DA:3,1
DA:5,1
DA:7,1
DA:42,10
DA:43,10
DA:45,9
DA:48,9
DA:49,9
DA:51,9
DA:52,9
DA:66,7
DA:67,7
DA:69,2
DA:70,2
DA:75,1
LF:17
LH:17
BRDA:43,0,0,1
BRDA:43,0,1,9
BRDA:56,1,0,9
BRDA:56,1,1,4
BRDA:57,2,0,9
BRDA:57,2,1,4
BRDA:61,3,0,9
BRDA:61,3,1,3
BRDA:62,4,0,9
BRDA:62,4,1,3
BRF:10
BRH:10
end_of_record
