TN:
SF:backend/server.js
FN:27,generateUniqueToken
FN:31,(anonymous_1)
FN:40,(anonymous_2)
FN:56,(anonymous_3)
FN:60,(anonymous_4)
FN:69,(anonymous_5)
FN:78,calculateDueDate
FN:88,createContributionForNewMember
FN:119,(anonymous_8)
FN:122,(anonymous_9)
FN:143,(anonymous_10)
FN:150,(anonymous_11)
FN:156,(anonymous_12)
FN:176,(anonymous_13)
FN:207,(anonymous_14)
FN:247,(anonymous_15)
FN:261,(anonymous_16)
FN:284,(anonymous_17)
FN:286,(anonymous_18)
FN:306,(anonymous_19)
FN:307,(anonymous_20)
FN:308,(anonymous_21)
FN:309,(anonymous_22)
FN:318,(anonymous_23)
FN:333,(anonymous_24)
FN:376,(anonymous_25)
FN:403,(anonymous_26)
FN:421,(anonymous_27)
FN:445,(anonymous_28)
FN:459,(anonymous_29)
FN:486,(anonymous_30)
FN:508,(anonymous_31)
FN:530,(anonymous_32)
FN:537,(anonymous_33)
FNF:34
FNH:16
FNDA:0,generateUniqueToken
FNDA:1,(anonymous_1)
FNDA:0,(anonymous_2)
FNDA:0,(anonymous_3)
FNDA:0,(anonymous_4)
FNDA:2,(anonymous_5)
FNDA:0,calculateDueDate
FNDA:1,createContributionForNewMember
FNDA:0,(anonymous_8)
FNDA:0,(anonymous_9)
FNDA:0,(anonymous_10)
FNDA:0,(anonymous_11)
FNDA:0,(anonymous_12)
FNDA:4,(anonymous_13)
FNDA:1,(anonymous_14)
FNDA:1,(anonymous_15)
FNDA:1,(anonymous_16)
FNDA:0,(anonymous_17)
FNDA:1,(anonymous_18)
FNDA:1,(anonymous_19)
FNDA:1,(anonymous_20)
FNDA:1,(anonymous_21)
FNDA:1,(anonymous_22)
FNDA:0,(anonymous_23)
FNDA:1,(anonymous_24)
FNDA:1,(anonymous_25)
FNDA:0,(anonymous_26)
FNDA:1,(anonymous_27)
FNDA:0,(anonymous_28)
FNDA:0,(anonymous_29)
FNDA:0,(anonymous_30)
FNDA:1,(anonymous_31)
FNDA:0,(anonymous_32)
FNDA:0,(anonymous_33)
DA:1,1
DA:2,1
DA:4,1
DA:9,1
DA:10,1
DA:11,1
DA:12,1
DA:13,1
DA:15,1
DA:23,1
DA:24,1
DA:25,1
DA:28,0
DA:31,1
DA:32,1
DA:40,1
DA:41,0
DA:54,1
DA:56,1
DA:57,0
DA:60,1
DA:61,0
DA:62,0
DA:63,0
DA:65,0
DA:69,1
DA:70,2
DA:71,2
DA:72,1
DA:74,1
DA:79,0
DA:80,0
DA:81,0
DA:82,0
DA:83,0
DA:85,0
DA:89,1
DA:90,1
DA:94,1
DA:96,1
DA:97,1
DA:98,1
DA:99,0
DA:100,1
DA:101,1
DA:104,1
DA:111,1
DA:112,1
DA:114,0
DA:115,0
DA:119,1
DA:120,0
DA:121,0
DA:122,0
DA:123,0
DA:130,0
DA:133,0
DA:134,0
DA:136,0
DA:138,0
DA:139,0
DA:143,1
DA:144,0
DA:145,0
DA:146,0
DA:150,0
DA:151,0
DA:152,0
DA:156,0
DA:160,0
DA:169,0
DA:171,0
DA:172,0
DA:176,1
DA:177,4
DA:178,4
DA:179,1
DA:181,3
DA:182,3
DA:183,3
DA:185,2
DA:188,2
DA:190,1
DA:193,1
DA:195,1
DA:196,1
DA:201,0
DA:202,0
DA:207,1
DA:208,1
DA:209,1
DA:210,0
DA:212,1
DA:213,1
DA:214,1
DA:215,1
DA:216,0
DA:218,1
DA:222,1
DA:223,1
DA:224,1
DA:225,1
DA:226,1
DA:235,0
DA:240,1
DA:242,0
DA:243,0
DA:247,1
DA:248,1
DA:249,1
DA:250,1
DA:254,1
DA:256,0
DA:257,0
DA:261,1
DA:262,1
DA:263,1
DA:264,1
DA:265,1
DA:267,1
DA:272,1
DA:274,1
DA:275,0
DA:276,0
DA:278,1
DA:279,1
DA:282,1
DA:283,1
DA:284,1
DA:286,1
DA:287,1
DA:288,1
DA:289,1
DA:290,0
DA:291,0
DA:293,1
DA:294,1
DA:295,1
DA:296,1
DA:298,1
DA:299,1
DA:302,1
DA:306,1
DA:307,1
DA:308,1
DA:309,1
DA:313,0
DA:314,0
DA:318,1
DA:319,0
DA:320,0
DA:321,0
DA:326,0
DA:328,0
DA:329,0
DA:333,1
DA:334,1
DA:335,1
DA:336,0
DA:338,1
DA:339,1
DA:340,1
DA:341,1
DA:342,1
DA:343,0
DA:346,1
DA:348,1
DA:349,0
DA:350,1
DA:352,1
DA:353,1
DA:355,1
DA:356,1
DA:358,1
DA:359,1
DA:360,1
DA:361,1
DA:362,1
DA:363,1
DA:367,0
DA:369,1
DA:371,0
DA:372,0
DA:376,1
DA:377,1
DA:378,1
DA:379,1
DA:380,1
DA:382,1
DA:384,1
DA:385,0
DA:386,1
DA:388,1
DA:389,1
DA:391,1
DA:398,0
DA:399,0
DA:403,1
DA:404,0
DA:405,0
DA:406,0
DA:407,0
DA:408,0
DA:409,0
DA:410,0
DA:414,0
DA:416,0
DA:417,0
DA:421,1
DA:422,1
DA:423,1
DA:424,0
DA:426,1
DA:427,1
DA:428,1
DA:429,1
DA:430,1
DA:431,1
DA:432,1
DA:433,1
DA:438,0
DA:439,0
DA:445,1
DA:446,0
DA:447,0
DA:448,0
DA:452,0
DA:454,0
DA:455,0
DA:459,1
DA:460,0
DA:461,0
DA:462,0
DA:463,0
DA:465,0
DA:466,0
DA:467,0
DA:468,0
DA:469,0
DA:470,0
DA:471,0
DA:472,0
DA:473,0
DA:474,0
DA:475,0
DA:479,0
DA:481,0
DA:482,0
DA:486,1
DA:487,0
DA:488,0
DA:489,0
DA:490,0
DA:491,0
DA:493,0
DA:494,0
DA:495,0
DA:496,0
DA:497,0
DA:498,0
DA:500,0
DA:501,0
DA:508,1
DA:509,1
DA:510,1
DA:512,1
DA:513,1
DA:523,1
DA:525,0
DA:526,0
DA:530,1
DA:531,0
DA:535,1
DA:536,0
DA:537,0
DA:538,0
DA:539,0
DA:543,1
LF:278
LH:154
BRDA:47,0,0,0
BRDA:47,0,1,0
BRDA:80,1,0,0
BRDA:80,1,1,0
BRDA:82,2,0,0
BRDA:82,2,1,0
BRDA:94,3,0,0
BRDA:94,3,1,1
BRDA:98,4,0,0
BRDA:98,4,1,1
BRDA:100,5,0,1
BRDA:100,5,1,0
BRDA:178,6,0,1
BRDA:178,6,1,3
BRDA:178,7,0,4
BRDA:178,7,1,4
BRDA:183,8,0,1
BRDA:183,8,1,2
BRDA:188,9,0,1
BRDA:188,9,1,1
BRDA:209,10,0,0
BRDA:209,10,1,1
BRDA:209,11,0,1
BRDA:209,11,1,1
BRDA:209,11,2,1
BRDA:209,11,3,1
BRDA:209,11,4,1
BRDA:214,12,0,0
BRDA:214,12,1,1
BRDA:215,13,0,0
BRDA:215,13,1,1
BRDA:222,14,0,1
BRDA:222,14,1,0
BRDA:224,15,0,0
BRDA:224,15,1,1
BRDA:265,16,0,0
BRDA:265,16,1,1
BRDA:274,17,0,0
BRDA:274,17,1,1
BRDA:289,18,0,0
BRDA:289,18,1,1
BRDA:294,19,0,0
BRDA:294,19,1,1
BRDA:298,20,0,0
BRDA:298,20,1,1
BRDA:298,21,0,1
BRDA:298,21,1,0
BRDA:298,21,2,1
BRDA:298,21,3,1
BRDA:335,22,0,0
BRDA:335,22,1,1
BRDA:335,23,0,1
BRDA:335,23,1,1
BRDA:335,23,2,1
BRDA:335,23,3,1
BRDA:341,24,0,0
BRDA:341,24,1,1
BRDA:342,25,0,0
BRDA:342,25,1,1
BRDA:348,26,0,0
BRDA:348,26,1,1
BRDA:353,27,0,0
BRDA:353,27,1,1
BRDA:356,28,0,0
BRDA:356,28,1,1
BRDA:359,29,0,1
BRDA:359,29,1,0
BRDA:361,30,0,0
BRDA:361,30,1,1
BRDA:380,31,0,0
BRDA:380,31,1,1
BRDA:384,32,0,0
BRDA:384,32,1,1
BRDA:394,33,0,0
BRDA:394,33,1,1
BRDA:395,34,0,0
BRDA:395,34,1,1
BRDA:408,35,0,0
BRDA:408,35,1,0
BRDA:409,36,0,0
BRDA:409,36,1,0
BRDA:412,37,0,0
BRDA:412,37,1,0
BRDA:423,38,0,0
BRDA:423,38,1,1
BRDA:423,39,0,1
BRDA:423,39,1,1
BRDA:428,40,0,0
BRDA:428,40,1,1
BRDA:430,41,0,0
BRDA:430,41,1,1
BRDA:435,42,0,1
BRDA:435,42,1,0
BRDA:462,43,0,0
BRDA:462,43,1,0
BRDA:462,44,0,0
BRDA:462,44,1,0
BRDA:462,44,2,0
BRDA:462,44,3,0
BRDA:467,45,0,0
BRDA:467,45,1,0
BRDA:469,46,0,0
BRDA:469,46,1,0
BRDA:471,47,0,0
BRDA:471,47,1,0
BRDA:473,48,0,0
BRDA:473,48,1,0
BRDA:476,49,0,0
BRDA:476,49,1,0
BRDA:490,50,0,0
BRDA:490,50,1,0
BRDA:495,51,0,0
BRDA:495,51,1,0
BRDA:496,52,0,0
BRDA:496,52,1,0
BRDA:497,53,0,0
BRDA:497,53,1,0
BRDA:535,54,0,0
BRDA:535,54,1,1
BRDA:536,55,0,0
BRDA:536,55,1,0
BRF:121
BRH:52
end_of_record
TN:
SF:backend/src/middleware/auth.js
FN:41,requireAuth
FN:42,(anonymous_1)
FNF:2
FNH:0
FNDA:0,requireAuth
FNDA:0,(anonymous_1)
DA:1,0
DA:2,0
DA:3,0
DA:5,0
DA:7,0
DA:42,0
DA:43,0
DA:45,0
DA:48,0
DA:49,0
DA:51,0
DA:52,0
DA:66,0
DA:67,0
DA:69,0
DA:70,0
DA:75,0
LF:17
LH:0
BRDA:43,0,0,0
BRDA:43,0,1,0
BRDA:56,1,0,0
BRDA:56,1,1,0
BRDA:57,2,0,0
BRDA:57,2,1,0
BRDA:61,3,0,0
BRDA:61,3,1,0
BRDA:62,4,0,0
BRDA:62,4,1,0
BRF:10
BRH:0
end_of_record
